This is pdfTeX, Version 3.14159265-2.6-1.40.18 (TeX Live 2017/Debian) (preloaded format=pdflatex 2019.10.28)  13 FEB 2020 15:52
entering extended mode
 restricted \write18 enabled.
 %&-line parsing enabled.
**tese_andrelreis_2019.tex
(./tese_andrelreis_2019.tex
LaTeX2e <2017-04-15>
Babel <3.18> and hyphenation patterns for 84 language(s) loaded.
(./on.cls
Document Class: on 2011/02/08\ v2.2\ ON Dissertations and Theses
(/usr/share/texlive/texmf-dist/tex/latex/base/book.cls
Document Class: book 2014/09/29 v1.4h Standard LaTeX document class
(/usr/share/texlive/texmf-dist/tex/latex/base/bk12.clo
File: bk12.clo 2014/09/29 v1.4h Standard LaTeX file (size option)
)
\c@part=\count79
\c@chapter=\count80
\c@section=\count81
\c@subsection=\count82
\c@subsubsection=\count83
\c@paragraph=\count84
\c@subparagraph=\count85
\c@figure=\count86
\c@table=\count87
\abovecaptionskip=\skip41
\belowcaptionskip=\skip42
\bibindent=\dimen102
)
(/usr/share/texlive/texmf-dist/tex/latex/natbib/natbib.sty
Package: natbib 2010/09/13 8.31b (PWD, AO)
\bibhang=\skip43
\bibsep=\skip44
LaTeX Info: Redefining \cite on input line 694.
\c@NAT@ctr=\count88
)
(/usr/share/texlive/texmf-dist/tex/latex/hyphenat/hyphenat.sty
Package: hyphenat 2009/09/02 v2.3c hyphenation utilities
\langwohyphens=\language84
LaTeX Info: Redefining \_ on input line 43.
)
(/usr/share/texlive/texmf-dist/tex/latex/lastpage/lastpage.sty
Package: lastpage 2015/03/29 v1.2m Refers to last page's name (HMM; JPG)
)
(/usr/share/texlive/texmf-dist/tex/generic/babel/babel.sty
Package: babel 2018/02/14 3.18 The Babel package

(/usr/share/texlive/texmf-dist/tex/generic/babel/switch.def
File: switch.def 2018/02/14 3.18 Babel switching mechanism
)
(/usr/share/texlive/texmf-dist/tex/generic/babel-english/english.ldf
Language: english 2017/06/06 v3.3r English support from the babel system

(/usr/share/texlive/texmf-dist/tex/generic/babel/babel.def
File: babel.def 2018/02/14 3.18 Babel common definitions
\babel@savecnt=\count89
\U@D=\dimen103

(/usr/share/texlive/texmf-dist/tex/generic/babel/txtbabel.def)
\bbl@dirlevel=\count90
)
\l@canadian = a dialect from \language\l@american 
\l@australian = a dialect from \language\l@british 
\l@newzealand = a dialect from \language\l@british 
)
(/usr/share/texlive/texmf-dist/tex/generic/babel-portuges/portuges.ldf
Language: portuges 2008/03/18 v1.2q Portuguese support from the babel system
\l@brazil = a dialect from \language\l@portuges 
Package babel Info: Making " an active character on input line 145.
))
(/usr/share/texlive/texmf-dist/tex/latex/base/ifthen.sty
Package: ifthen 2014/09/29 v1.1c Standard LaTeX ifthen package (DPC)
)
(/usr/share/texlive/texmf-dist/tex/latex/graphics/graphicx.sty
Package: graphicx 2017/06/01 v1.1a Enhanced LaTeX Graphics (DPC,SPQR)

(/usr/share/texlive/texmf-dist/tex/latex/graphics/keyval.sty
Package: keyval 2014/10/28 v1.15 key=value parser (DPC)
\KV@toks@=\toks14
)
(/usr/share/texlive/texmf-dist/tex/latex/graphics/graphics.sty
Package: graphics 2017/06/25 v1.2c Standard LaTeX Graphics (DPC,SPQR)

(/usr/share/texlive/texmf-dist/tex/latex/graphics/trig.sty
Package: trig 2016/01/03 v1.10 sin cos tan (DPC)
)
(/usr/share/texlive/texmf-dist/tex/latex/graphics-cfg/graphics.cfg
File: graphics.cfg 2016/06/04 v1.11 sample graphics configuration
)
Package graphics Info: Driver file: pdftex.def on input line 99.

(/usr/share/texlive/texmf-dist/tex/latex/graphics-def/pdftex.def
File: pdftex.def 2018/01/08 v1.0l Graphics/color driver for pdftex
))
\Gin@req@height=\dimen104
\Gin@req@width=\dimen105
)
(/usr/share/texlive/texmf-dist/tex/latex/setspace/setspace.sty
Package: setspace 2011/12/19 v6.7a set line spacing
)
(/usr/share/texlive/texmf-dist/tex/latex/tools/tabularx.sty
Package: tabularx 2016/02/03 v2.11 `tabularx' package (DPC)

(/usr/share/texlive/texmf-dist/tex/latex/tools/array.sty
Package: array 2016/10/06 v2.4d Tabular extension package (FMi)
\col@sep=\dimen106
\extrarowheight=\dimen107
\NC@list=\toks15
\extratabsurround=\skip45
\backup@length=\skip46
)
\TX@col@width=\dimen108
\TX@old@table=\dimen109
\TX@old@col=\dimen110
\TX@target=\dimen111
\TX@delta=\dimen112
\TX@cols=\count91
\TX@ftn=\toks16
)
(/usr/share/texlive/texmf-dist/tex/latex/eqparbox/eqparbox.sty
Package: eqparbox 2017/09/03 v4.1 Create equal-widthed boxes
\eqp@tempdima=\skip47
\eqp@tempdimb=\skip48
\eqp@tabular@box=\box26
\eqp@list@box=\box27
\eqp@list@indent=\skip49

(/usr/share/texlive/texmf-dist/tex/latex/environ/environ.sty
Package: environ 2014/05/04 v0.3 A new way to define environments

(/usr/share/texlive/texmf-dist/tex/latex/trimspaces/trimspaces.sty
Package: trimspaces 2009/09/17 v1.1 Trim spaces around a token list
)
\@envbody=\toks17
))
(/usr/share/texlive/texmf-dist/tex/generic/oberdiek/ltxcmds.sty
Package: ltxcmds 2016/05/16 v1.23 LaTeX kernel commands for general use (HO)
)
(/usr/share/texlive/texmf-dist/tex/latex/geometry/geometry.sty
Package: geometry 2010/09/12 v5.6 Page Geometry

(/usr/share/texlive/texmf-dist/tex/generic/oberdiek/ifpdf.sty
Package: ifpdf 2017/03/15 v3.2 Provides the ifpdf switch
)
(/usr/share/texlive/texmf-dist/tex/generic/oberdiek/ifvtex.sty
Package: ifvtex 2016/05/16 v1.6 Detect VTeX and its facilities (HO)
Package ifvtex Info: VTeX not detected.
)
(/usr/share/texlive/texmf-dist/tex/generic/ifxetex/ifxetex.sty
Package: ifxetex 2010/09/12 v0.6 Provides ifxetex conditional
)
\Gm@cnth=\count92
\Gm@cntv=\count93
\c@Gm@tempcnt=\count94
\Gm@bindingoffset=\dimen113
\Gm@wd@mp=\dimen114
\Gm@odd@mp=\dimen115
\Gm@even@mp=\dimen116
\Gm@layoutwidth=\dimen117
\Gm@layoutheight=\dimen118
\Gm@layouthoffset=\dimen119
\Gm@layoutvoffset=\dimen120
\Gm@dimlist=\toks18
)
\@coadvisor=\count95
\@examiner=\count96
\c@keywords=\count97
\bibindent=\dimen121
)
(/usr/share/texlive/texmf-dist/tex/latex/base/inputenc.sty
Package: inputenc 2015/03/17 v1.2c Input encoding file
\inpenc@prehook=\toks19
\inpenc@posthook=\toks20

(/usr/share/texlive/texmf-dist/tex/latex/base/utf8.def
File: utf8.def 2017/01/28 v1.1t UTF-8 support for inputenc
Now handling font encoding OML ...
... no UTF-8 mapping file for font encoding OML
Now handling font encoding T1 ...
... processing UTF-8 mapping file for font encoding T1

(/usr/share/texlive/texmf-dist/tex/latex/base/t1enc.dfu
File: t1enc.dfu 2017/01/28 v1.1t UTF-8 support for inputenc
   defining Unicode char U+00A0 (decimal 160)
   defining Unicode char U+00A1 (decimal 161)
   defining Unicode char U+00A3 (decimal 163)
   defining Unicode char U+00AB (decimal 171)
   defining Unicode char U+00AD (decimal 173)
   defining Unicode char U+00BB (decimal 187)
   defining Unicode char U+00BF (decimal 191)
   defining Unicode char U+00C0 (decimal 192)
   defining Unicode char U+00C1 (decimal 193)
   defining Unicode char U+00C2 (decimal 194)
   defining Unicode char U+00C3 (decimal 195)
   defining Unicode char U+00C4 (decimal 196)
   defining Unicode char U+00C5 (decimal 197)
   defining Unicode char U+00C6 (decimal 198)
   defining Unicode char U+00C7 (decimal 199)
   defining Unicode char U+00C8 (decimal 200)
   defining Unicode char U+00C9 (decimal 201)
   defining Unicode char U+00CA (decimal 202)
   defining Unicode char U+00CB (decimal 203)
   defining Unicode char U+00CC (decimal 204)
   defining Unicode char U+00CD (decimal 205)
   defining Unicode char U+00CE (decimal 206)
   defining Unicode char U+00CF (decimal 207)
   defining Unicode char U+00D0 (decimal 208)
   defining Unicode char U+00D1 (decimal 209)
   defining Unicode char U+00D2 (decimal 210)
   defining Unicode char U+00D3 (decimal 211)
   defining Unicode char U+00D4 (decimal 212)
   defining Unicode char U+00D5 (decimal 213)
   defining Unicode char U+00D6 (decimal 214)
   defining Unicode char U+00D8 (decimal 216)
   defining Unicode char U+00D9 (decimal 217)
   defining Unicode char U+00DA (decimal 218)
   defining Unicode char U+00DB (decimal 219)
   defining Unicode char U+00DC (decimal 220)
   defining Unicode char U+00DD (decimal 221)
   defining Unicode char U+00DE (decimal 222)
   defining Unicode char U+00DF (decimal 223)
   defining Unicode char U+00E0 (decimal 224)
   defining Unicode char U+00E1 (decimal 225)
   defining Unicode char U+00E2 (decimal 226)
   defining Unicode char U+00E3 (decimal 227)
   defining Unicode char U+00E4 (decimal 228)
   defining Unicode char U+00E5 (decimal 229)
   defining Unicode char U+00E6 (decimal 230)
   defining Unicode char U+00E7 (decimal 231)
   defining Unicode char U+00E8 (decimal 232)
   defining Unicode char U+00E9 (decimal 233)
   defining Unicode char U+00EA (decimal 234)
   defining Unicode char U+00EB (decimal 235)
   defining Unicode char U+00EC (decimal 236)
   defining Unicode char U+00ED (decimal 237)
   defining Unicode char U+00EE (decimal 238)
   defining Unicode char U+00EF (decimal 239)
   defining Unicode char U+00F0 (decimal 240)
   defining Unicode char U+00F1 (decimal 241)
   defining Unicode char U+00F2 (decimal 242)
   defining Unicode char U+00F3 (decimal 243)
   defining Unicode char U+00F4 (decimal 244)
   defining Unicode char U+00F5 (decimal 245)
   defining Unicode char U+00F6 (decimal 246)
   defining Unicode char U+00F8 (decimal 248)
   defining Unicode char U+00F9 (decimal 249)
   defining Unicode char U+00FA (decimal 250)
   defining Unicode char U+00FB (decimal 251)
   defining Unicode char U+00FC (decimal 252)
   defining Unicode char U+00FD (decimal 253)
   defining Unicode char U+00FE (decimal 254)
   defining Unicode char U+00FF (decimal 255)
   defining Unicode char U+0100 (decimal 256)
   defining Unicode char U+0101 (decimal 257)
   defining Unicode char U+0102 (decimal 258)
   defining Unicode char U+0103 (decimal 259)
   defining Unicode char U+0104 (decimal 260)
   defining Unicode char U+0105 (decimal 261)
   defining Unicode char U+0106 (decimal 262)
   defining Unicode char U+0107 (decimal 263)
   defining Unicode char U+0108 (decimal 264)
   defining Unicode char U+0109 (decimal 265)
   defining Unicode char U+010A (decimal 266)
   defining Unicode char U+010B (decimal 267)
   defining Unicode char U+010C (decimal 268)
   defining Unicode char U+010D (decimal 269)
   defining Unicode char U+010E (decimal 270)
   defining Unicode char U+010F (decimal 271)
   defining Unicode char U+0110 (decimal 272)
   defining Unicode char U+0111 (decimal 273)
   defining Unicode char U+0112 (decimal 274)
   defining Unicode char U+0113 (decimal 275)
   defining Unicode char U+0114 (decimal 276)
   defining Unicode char U+0115 (decimal 277)
   defining Unicode char U+0116 (decimal 278)
   defining Unicode char U+0117 (decimal 279)
   defining Unicode char U+0118 (decimal 280)
   defining Unicode char U+0119 (decimal 281)
   defining Unicode char U+011A (decimal 282)
   defining Unicode char U+011B (decimal 283)
   defining Unicode char U+011C (decimal 284)
   defining Unicode char U+011D (decimal 285)
   defining Unicode char U+011E (decimal 286)
   defining Unicode char U+011F (decimal 287)
   defining Unicode char U+0120 (decimal 288)
   defining Unicode char U+0121 (decimal 289)
   defining Unicode char U+0122 (decimal 290)
   defining Unicode char U+0123 (decimal 291)
   defining Unicode char U+0124 (decimal 292)
   defining Unicode char U+0125 (decimal 293)
   defining Unicode char U+0128 (decimal 296)
   defining Unicode char U+0129 (decimal 297)
   defining Unicode char U+012A (decimal 298)
   defining Unicode char U+012B (decimal 299)
   defining Unicode char U+012C (decimal 300)
   defining Unicode char U+012D (decimal 301)
   defining Unicode char U+012E (decimal 302)
   defining Unicode char U+012F (decimal 303)
   defining Unicode char U+0130 (decimal 304)
   defining Unicode char U+0131 (decimal 305)
   defining Unicode char U+0132 (decimal 306)
   defining Unicode char U+0133 (decimal 307)
   defining Unicode char U+0134 (decimal 308)
   defining Unicode char U+0135 (decimal 309)
   defining Unicode char U+0136 (decimal 310)
   defining Unicode char U+0137 (decimal 311)
   defining Unicode char U+0139 (decimal 313)
   defining Unicode char U+013A (decimal 314)
   defining Unicode char U+013B (decimal 315)
   defining Unicode char U+013C (decimal 316)
   defining Unicode char U+013D (decimal 317)
   defining Unicode char U+013E (decimal 318)
   defining Unicode char U+0141 (decimal 321)
   defining Unicode char U+0142 (decimal 322)
   defining Unicode char U+0143 (decimal 323)
   defining Unicode char U+0144 (decimal 324)
   defining Unicode char U+0145 (decimal 325)
   defining Unicode char U+0146 (decimal 326)
   defining Unicode char U+0147 (decimal 327)
   defining Unicode char U+0148 (decimal 328)
   defining Unicode char U+014A (decimal 330)
   defining Unicode char U+014B (decimal 331)
   defining Unicode char U+014C (decimal 332)
   defining Unicode char U+014D (decimal 333)
   defining Unicode char U+014E (decimal 334)
   defining Unicode char U+014F (decimal 335)
   defining Unicode char U+0150 (decimal 336)
   defining Unicode char U+0151 (decimal 337)
   defining Unicode char U+0152 (decimal 338)
   defining Unicode char U+0153 (decimal 339)
   defining Unicode char U+0154 (decimal 340)
   defining Unicode char U+0155 (decimal 341)
   defining Unicode char U+0156 (decimal 342)
   defining Unicode char U+0157 (decimal 343)
   defining Unicode char U+0158 (decimal 344)
   defining Unicode char U+0159 (decimal 345)
   defining Unicode char U+015A (decimal 346)
   defining Unicode char U+015B (decimal 347)
   defining Unicode char U+015C (decimal 348)
   defining Unicode char U+015D (decimal 349)
   defining Unicode char U+015E (decimal 350)
   defining Unicode char U+015F (decimal 351)
   defining Unicode char U+0160 (decimal 352)
   defining Unicode char U+0161 (decimal 353)
   defining Unicode char U+0162 (decimal 354)
   defining Unicode char U+0163 (decimal 355)
   defining Unicode char U+0164 (decimal 356)
   defining Unicode char U+0165 (decimal 357)
   defining Unicode char U+0168 (decimal 360)
   defining Unicode char U+0169 (decimal 361)
   defining Unicode char U+016A (decimal 362)
   defining Unicode char U+016B (decimal 363)
   defining Unicode char U+016C (decimal 364)
   defining Unicode char U+016D (decimal 365)
   defining Unicode char U+016E (decimal 366)
   defining Unicode char U+016F (decimal 367)
   defining Unicode char U+0170 (decimal 368)
   defining Unicode char U+0171 (decimal 369)
   defining Unicode char U+0172 (decimal 370)
   defining Unicode char U+0173 (decimal 371)
   defining Unicode char U+0174 (decimal 372)
   defining Unicode char U+0175 (decimal 373)
   defining Unicode char U+0176 (decimal 374)
   defining Unicode char U+0177 (decimal 375)
   defining Unicode char U+0178 (decimal 376)
   defining Unicode char U+0179 (decimal 377)
   defining Unicode char U+017A (decimal 378)
   defining Unicode char U+017B (decimal 379)
   defining Unicode char U+017C (decimal 380)
   defining Unicode char U+017D (decimal 381)
   defining Unicode char U+017E (decimal 382)
   defining Unicode char U+01CD (decimal 461)
   defining Unicode char U+01CE (decimal 462)
   defining Unicode char U+01CF (decimal 463)
   defining Unicode char U+01D0 (decimal 464)
   defining Unicode char U+01D1 (decimal 465)
   defining Unicode char U+01D2 (decimal 466)
   defining Unicode char U+01D3 (decimal 467)
   defining Unicode char U+01D4 (decimal 468)
   defining Unicode char U+01E2 (decimal 482)
   defining Unicode char U+01E3 (decimal 483)
   defining Unicode char U+01E6 (decimal 486)
   defining Unicode char U+01E7 (decimal 487)
   defining Unicode char U+01E8 (decimal 488)
   defining Unicode char U+01E9 (decimal 489)
   defining Unicode char U+01EA (decimal 490)
   defining Unicode char U+01EB (decimal 491)
   defining Unicode char U+01F0 (decimal 496)
   defining Unicode char U+01F4 (decimal 500)
   defining Unicode char U+01F5 (decimal 501)
   defining Unicode char U+0218 (decimal 536)
   defining Unicode char U+0219 (decimal 537)
   defining Unicode char U+021A (decimal 538)
   defining Unicode char U+021B (decimal 539)
   defining Unicode char U+0232 (decimal 562)
   defining Unicode char U+0233 (decimal 563)
   defining Unicode char U+1E02 (decimal 7682)
   defining Unicode char U+1E03 (decimal 7683)
   defining Unicode char U+200C (decimal 8204)
   defining Unicode char U+2010 (decimal 8208)
   defining Unicode char U+2011 (decimal 8209)
   defining Unicode char U+2012 (decimal 8210)
   defining Unicode char U+2013 (decimal 8211)
   defining Unicode char U+2014 (decimal 8212)
   defining Unicode char U+2015 (decimal 8213)
   defining Unicode char U+2018 (decimal 8216)
   defining Unicode char U+2019 (decimal 8217)
   defining Unicode char U+201A (decimal 8218)
   defining Unicode char U+201C (decimal 8220)
   defining Unicode char U+201D (decimal 8221)
   defining Unicode char U+201E (decimal 8222)
   defining Unicode char U+2030 (decimal 8240)
   defining Unicode char U+2031 (decimal 8241)
   defining Unicode char U+2039 (decimal 8249)
   defining Unicode char U+203A (decimal 8250)
   defining Unicode char U+2423 (decimal 9251)
   defining Unicode char U+1E20 (decimal 7712)
   defining Unicode char U+1E21 (decimal 7713)
)
Now handling font encoding OT1 ...
... processing UTF-8 mapping file for font encoding OT1

(/usr/share/texlive/texmf-dist/tex/latex/base/ot1enc.dfu
File: ot1enc.dfu 2017/01/28 v1.1t UTF-8 support for inputenc
   defining Unicode char U+00A0 (decimal 160)
   defining Unicode char U+00A1 (decimal 161)
   defining Unicode char U+00A3 (decimal 163)
   defining Unicode char U+00AD (decimal 173)
   defining Unicode char U+00B8 (decimal 184)
   defining Unicode char U+00BF (decimal 191)
   defining Unicode char U+00C5 (decimal 197)
   defining Unicode char U+00C6 (decimal 198)
   defining Unicode char U+00D8 (decimal 216)
   defining Unicode char U+00DF (decimal 223)
   defining Unicode char U+00E6 (decimal 230)
   defining Unicode char U+00EC (decimal 236)
   defining Unicode char U+00ED (decimal 237)
   defining Unicode char U+00EE (decimal 238)
   defining Unicode char U+00EF (decimal 239)
   defining Unicode char U+00F8 (decimal 248)
   defining Unicode char U+0131 (decimal 305)
   defining Unicode char U+0141 (decimal 321)
   defining Unicode char U+0142 (decimal 322)
   defining Unicode char U+0152 (decimal 338)
   defining Unicode char U+0153 (decimal 339)
   defining Unicode char U+0174 (decimal 372)
   defining Unicode char U+0175 (decimal 373)
   defining Unicode char U+0176 (decimal 374)
   defining Unicode char U+0177 (decimal 375)
   defining Unicode char U+0218 (decimal 536)
   defining Unicode char U+0219 (decimal 537)
   defining Unicode char U+021A (decimal 538)
   defining Unicode char U+021B (decimal 539)
   defining Unicode char U+2013 (decimal 8211)
   defining Unicode char U+2014 (decimal 8212)
   defining Unicode char U+2018 (decimal 8216)
   defining Unicode char U+2019 (decimal 8217)
   defining Unicode char U+201C (decimal 8220)
   defining Unicode char U+201D (decimal 8221)
)
Now handling font encoding OMS ...
... processing UTF-8 mapping file for font encoding OMS

(/usr/share/texlive/texmf-dist/tex/latex/base/omsenc.dfu
File: omsenc.dfu 2017/01/28 v1.1t UTF-8 support for inputenc
   defining Unicode char U+00A7 (decimal 167)
   defining Unicode char U+00B6 (decimal 182)
   defining Unicode char U+00B7 (decimal 183)
   defining Unicode char U+2020 (decimal 8224)
   defining Unicode char U+2021 (decimal 8225)
   defining Unicode char U+2022 (decimal 8226)
)
Now handling font encoding OMX ...
... no UTF-8 mapping file for font encoding OMX
Now handling font encoding U ...
... no UTF-8 mapping file for font encoding U
   defining Unicode char U+00A9 (decimal 169)
   defining Unicode char U+00AA (decimal 170)
   defining Unicode char U+00AE (decimal 174)
   defining Unicode char U+00BA (decimal 186)
   defining Unicode char U+02C6 (decimal 710)
   defining Unicode char U+02DC (decimal 732)
   defining Unicode char U+200C (decimal 8204)
   defining Unicode char U+2026 (decimal 8230)
   defining Unicode char U+2122 (decimal 8482)
   defining Unicode char U+2423 (decimal 9251)
))
(/usr/share/texlive/texmf-dist/tex/latex/amsmath/amsmath.sty
Package: amsmath 2017/09/02 v2.17a AMS math features
\@mathmargin=\skip50

For additional information on amsmath, use the `?' option.
(/usr/share/texlive/texmf-dist/tex/latex/amsmath/amstext.sty
Package: amstext 2000/06/29 v2.01 AMS text

(/usr/share/texlive/texmf-dist/tex/latex/amsmath/amsgen.sty
File: amsgen.sty 1999/11/30 v2.0 generic functions
\@emptytoks=\toks21
\ex@=\dimen122
))
(/usr/share/texlive/texmf-dist/tex/latex/amsmath/amsbsy.sty
Package: amsbsy 1999/11/29 v1.2d Bold Symbols
\pmbraise@=\dimen123
)
(/usr/share/texlive/texmf-dist/tex/latex/amsmath/amsopn.sty
Package: amsopn 2016/03/08 v2.02 operator names
)
\inf@bad=\count98
LaTeX Info: Redefining \frac on input line 213.
\uproot@=\count99
\leftroot@=\count100
LaTeX Info: Redefining \overline on input line 375.
\classnum@=\count101
\DOTSCASE@=\count102
LaTeX Info: Redefining \ldots on input line 472.
LaTeX Info: Redefining \dots on input line 475.
LaTeX Info: Redefining \cdots on input line 596.
\Mathstrutbox@=\box28
\strutbox@=\box29
\big@size=\dimen124
LaTeX Font Info:    Redeclaring font encoding OML on input line 712.
LaTeX Font Info:    Redeclaring font encoding OMS on input line 713.
\macc@depth=\count103
\c@MaxMatrixCols=\count104
\dotsspace@=\muskip10
\c@parentequation=\count105
\dspbrk@lvl=\count106
\tag@help=\toks22
\row@=\count107
\column@=\count108
\maxfields@=\count109
\andhelp@=\toks23
\eqnshift@=\dimen125
\alignsep@=\dimen126
\tagshift@=\dimen127
\tagwidth@=\dimen128
\totwidth@=\dimen129
\lineht@=\dimen130
\@envbody=\toks24
\multlinegap=\skip51
\multlinetaggap=\skip52
\mathdisplay@stack=\toks25
LaTeX Info: Redefining \[ on input line 2817.
LaTeX Info: Redefining \] on input line 2818.
)
(/usr/share/texlive/texmf-dist/tex/latex/amsfonts/amssymb.sty
Package: amssymb 2013/01/14 v3.01 AMS font symbols

(/usr/share/texlive/texmf-dist/tex/latex/amsfonts/amsfonts.sty
Package: amsfonts 2013/01/14 v3.01 Basic AMSFonts support
\symAMSa=\mathgroup4
\symAMSb=\mathgroup5
LaTeX Font Info:    Overwriting math alphabet `\mathfrak' in version `bold'
(Font)                  U/euf/m/n --> U/euf/b/n on input line 106.
))
(/usr/share/texlive/texmf-dist/tex/latex/hyperref/hyperref.sty
Package: hyperref 2018/02/06 v6.86b Hypertext links for LaTeX

(/usr/share/texlive/texmf-dist/tex/generic/oberdiek/hobsub-hyperref.sty
Package: hobsub-hyperref 2016/05/16 v1.14 Bundle oberdiek, subset hyperref (HO)


(/usr/share/texlive/texmf-dist/tex/generic/oberdiek/hobsub-generic.sty
Package: hobsub-generic 2016/05/16 v1.14 Bundle oberdiek, subset generic (HO)
Package: hobsub 2016/05/16 v1.14 Construct package bundles (HO)
Package: infwarerr 2016/05/16 v1.4 Providing info/warning/error messages (HO)
Package hobsub Info: Skipping package `ltxcmds' (already loaded).
Package: ifluatex 2016/05/16 v1.4 Provides the ifluatex switch (HO)
Package ifluatex Info: LuaTeX not detected.
Package hobsub Info: Skipping package `ifvtex' (already loaded).
Package: intcalc 2016/05/16 v1.2 Expandable calculations with integers (HO)
Package hobsub Info: Skipping package `ifpdf' (already loaded).
Package: etexcmds 2016/05/16 v1.6 Avoid name clashes with e-TeX commands (HO)
Package etexcmds Info: Could not find \expanded.
(etexcmds)             That can mean that you are not using pdfTeX 1.50 or
(etexcmds)             that some package has redefined \expanded.
(etexcmds)             In the latter case, load this package earlier.
Package: kvsetkeys 2016/05/16 v1.17 Key value parser (HO)
Package: kvdefinekeys 2016/05/16 v1.4 Define keys (HO)
Package: pdftexcmds 2018/01/21 v0.26 Utility functions of pdfTeX for LuaTeX (HO
)
Package pdftexcmds Info: LuaTeX not detected.
Package pdftexcmds Info: \pdf@primitive is available.
Package pdftexcmds Info: \pdf@ifprimitive is available.
Package pdftexcmds Info: \pdfdraftmode found.
Package: pdfescape 2016/05/16 v1.14 Implements pdfTeX's escape features (HO)
Package: bigintcalc 2016/05/16 v1.4 Expandable calculations on big integers (HO
)
Package: bitset 2016/05/16 v1.2 Handle bit-vector datatype (HO)
Package: uniquecounter 2016/05/16 v1.3 Provide unlimited unique counter (HO)
)
Package hobsub Info: Skipping package `hobsub' (already loaded).
Package: letltxmacro 2016/05/16 v1.5 Let assignment for LaTeX macros (HO)
Package: hopatch 2016/05/16 v1.3 Wrapper for package hooks (HO)
Package: xcolor-patch 2016/05/16 xcolor patch
Package: atveryend 2016/05/16 v1.9 Hooks at the very end of document (HO)
Package atveryend Info: \enddocument detected (standard20110627).
Package: atbegshi 2016/06/09 v1.18 At begin shipout hook (HO)
Package: refcount 2016/05/16 v3.5 Data extraction from label references (HO)
Package: hycolor 2016/05/16 v1.8 Color options for hyperref/bookmark (HO)
)
(/usr/share/texlive/texmf-dist/tex/latex/oberdiek/auxhook.sty
Package: auxhook 2016/05/16 v1.4 Hooks for auxiliary files (HO)
)
(/usr/share/texlive/texmf-dist/tex/latex/oberdiek/kvoptions.sty
Package: kvoptions 2016/05/16 v3.12 Key value format for package options (HO)
)
\@linkdim=\dimen131
\Hy@linkcounter=\count110
\Hy@pagecounter=\count111

(/usr/share/texlive/texmf-dist/tex/latex/hyperref/pd1enc.def
File: pd1enc.def 2018/02/06 v6.86b Hyperref: PDFDocEncoding definition (HO)
Now handling font encoding PD1 ...
... no UTF-8 mapping file for font encoding PD1
)
\Hy@SavedSpaceFactor=\count112

(/usr/share/texlive/texmf-dist/tex/latex/latexconfig/hyperref.cfg
File: hyperref.cfg 2002/06/06 v1.2 hyperref configuration of TeXLive
)
Package hyperref Info: Hyper figures OFF on input line 4509.
Package hyperref Info: Link nesting OFF on input line 4514.
Package hyperref Info: Hyper index ON on input line 4517.
Package hyperref Info: Plain pages OFF on input line 4524.
Package hyperref Info: Backreferencing OFF on input line 4529.
Package hyperref Info: Implicit mode ON; LaTeX internals redefined.
Package hyperref Info: Bookmarks ON on input line 4762.
\c@Hy@tempcnt=\count113

(/usr/share/texlive/texmf-dist/tex/latex/url/url.sty
\Urlmuskip=\muskip11
Package: url 2013/09/16  ver 3.4  Verb mode for urls, etc.
)
LaTeX Info: Redefining \url on input line 5115.
\XeTeXLinkMargin=\dimen132
\Fld@menulength=\count114
\Field@Width=\dimen133
\Fld@charsize=\dimen134
Package hyperref Info: Hyper figures OFF on input line 6369.
Package hyperref Info: Link nesting OFF on input line 6374.
Package hyperref Info: Hyper index ON on input line 6377.
Package hyperref Info: backreferencing OFF on input line 6384.
Package hyperref Info: Link coloring OFF on input line 6389.
Package hyperref Info: Link coloring with OCG OFF on input line 6394.
Package hyperref Info: PDF/A mode OFF on input line 6399.
LaTeX Info: Redefining \ref on input line 6439.
LaTeX Info: Redefining \pageref on input line 6443.
\Hy@abspage=\count115
\c@Item=\count116
\c@Hfootnote=\count117
)
Package hyperref Info: Driver (autodetected): hpdftex.

(/usr/share/texlive/texmf-dist/tex/latex/hyperref/hpdftex.def
File: hpdftex.def 2018/02/06 v6.86b Hyperref driver for pdfTeX
\Fld@listcount=\count118
\c@bookmark@seq@number=\count119

(/usr/share/texlive/texmf-dist/tex/latex/oberdiek/rerunfilecheck.sty
Package: rerunfilecheck 2016/05/16 v1.8 Rerun checks for auxiliary files (HO)
Package uniquecounter Info: New unique counter `rerunfilecheck' on input line 2
82.
)
\Hy@SectionHShift=\skip53
)
(/usr/share/texlive/texmf-dist/tex/latex/tools/enumerate.sty
Package: enumerate 2015/07/23 v3.00 enumerate extensions (DPC)
\@enLab=\toks26
)
(/usr/share/texlive/texmf-dist/tex/latex/subfigure/subfigure.sty
Package: subfigure 2002/03/15 v2.1.5 subfigure package
\subfigtopskip=\skip54
\subfigcapskip=\skip55
\subfigcaptopadj=\dimen135
\subfigbottomskip=\skip56
\subfigcapmargin=\dimen136
\subfiglabelskip=\skip57
\c@subfigure=\count120
\c@lofdepth=\count121
\c@subtable=\count122
\c@lotdepth=\count123

****************************************
* Local config file subfigure.cfg used *
****************************************
(/usr/share/texlive/texmf-dist/tex/latex/subfigure/subfigure.cfg)
\subfig@top=\skip58
\subfig@bottom=\skip59
)
(/usr/share/texlive/texmf-dist/tex/latex/algorithm2e/algorithm2e.sty
Package: algorithm2e 2017/07/18 v5.2 algorithms environments
\c@AlgoLine=\count124
\algocf@hangindent=\skip60

(/usr/share/texlive/texmf-dist/tex/latex/ifoddpage/ifoddpage.sty
Package: ifoddpage 2016/04/23 v1.1 Conditionals for odd/even page detection
\c@checkoddpage=\count125
)
(/usr/share/texlive/texmf-dist/tex/latex/tools/xspace.sty
Package: xspace 2014/10/28 v1.13 Space after command names (DPC,MH)
)
(/usr/share/texlive/texmf-dist/tex/latex/relsize/relsize.sty
Package: relsize 2013/03/29 ver 4.1
)
\skiptotal=\skip61
\skiplinenumber=\skip62
\skiprule=\skip63
\skiphlne=\skip64
\skiptext=\skip65
\skiplength=\skip66
\algomargin=\skip67
\skipalgocfslide=\skip68
\algowidth=\dimen137
\inoutsize=\dimen138
\inoutindent=\dimen139
\interspacetitleruled=\dimen140
\interspacealgoruled=\dimen141
\interspacetitleboxruled=\dimen142
\algocf@ruledwidth=\skip69
\algocf@inoutbox=\box30
\algocf@inputbox=\box31
\AlCapSkip=\skip70
\AlCapHSkip=\skip71
\algoskipindent=\skip72
\algocf@nlbox=\box32
\algocf@hangingbox=\box33
\algocf@untilbox=\box34
\algocf@skipuntil=\skip73
\algocf@capbox=\box35
\algocf@lcaptionbox=\skip74
\algoheightruledefault=\skip75
\algoheightrule=\skip76
\algotitleheightruledefault=\skip77
\algotitleheightrule=\skip78
\c@algocfline=\count126
\c@algocfproc=\count127
\c@algocf=\count128
\algocf@algoframe=\box36
\algocf@algobox=\box37
)
(/usr/share/texlive/texmf-dist/tex/latex/pdfpages/pdfpages.sty
Package: pdfpages 2017/10/31 v0.5l Insert pages of external PDF documents (AM)

(/usr/share/texlive/texmf-dist/tex/latex/tools/calc.sty
Package: calc 2014/10/28 v4.3 Infix arithmetic (KKT,FJ)
\calc@Acount=\count129
\calc@Bcount=\count130
\calc@Adimen=\dimen143
\calc@Bdimen=\dimen144
\calc@Askip=\skip79
\calc@Bskip=\skip80
LaTeX Info: Redefining \setlength on input line 80.
LaTeX Info: Redefining \addtolength on input line 81.
\calc@Ccount=\count131
\calc@Cskip=\skip81
)
(/usr/share/texlive/texmf-dist/tex/latex/eso-pic/eso-pic.sty
Package: eso-pic 2015/07/21 v2.0g eso-pic (RN)

(/usr/share/texlive/texmf-dist/tex/latex/xcolor/xcolor.sty
Package: xcolor 2016/05/11 v2.12 LaTeX color extensions (UK)

(/usr/share/texlive/texmf-dist/tex/latex/graphics-cfg/color.cfg
File: color.cfg 2016/01/02 v1.6 sample color configuration
)
Package xcolor Info: Driver file: pdftex.def on input line 225.
Package xcolor Info: Model `cmy' substituted by `cmy0' on input line 1348.
Package xcolor Info: Model `hsb' substituted by `rgb' on input line 1352.
Package xcolor Info: Model `RGB' extended on input line 1364.
Package xcolor Info: Model `HTML' substituted by `rgb' on input line 1366.
Package xcolor Info: Model `Hsb' substituted by `hsb' on input line 1367.
Package xcolor Info: Model `tHsb' substituted by `hsb' on input line 1368.
Package xcolor Info: Model `HSB' substituted by `hsb' on input line 1369.
Package xcolor Info: Model `Gray' substituted by `gray' on input line 1370.
Package xcolor Info: Model `wave' substituted by `hsb' on input line 1371.
))
\AM@pagewidth=\dimen145
\AM@pageheight=\dimen146

(/usr/share/texlive/texmf-dist/tex/latex/pdfpages/pppdftex.def
File: pppdftex.def 2017/10/31 v0.5l Pdfpages driver for pdfTeX (AM)
)
\AM@pagebox=\box38
\AM@global@opts=\toks27
\AM@toc@title=\toks28
\c@AM@survey=\count132
\AM@templatesizebox=\box39
)
(/usr/share/texlive/texmf-dist/tex/latex/float/float.sty
Package: float 2001/11/08 v1.3d Float enhancements (AL)
\c@float@type=\count133
\float@exts=\toks29
\float@box=\box40
\@float@everytoks=\toks30
\@floatcapt=\box41
)
(./tese_andrelreis_2019.aux (./resumo.aux) (./abstract.aux)
(./agradecimentos.aux) (./introducao.aux) (./fundamentacao.aux)
(./metodologia.aux) (./simulacoes_II.aux) (./dados_reais_II.aux)
(./simulacoes_I.aux) (./dados_reais_I.aux) (./conclusoes.aux))
\openout1 = `tese_andrelreis_2019.aux'.

LaTeX Font Info:    Checking defaults for OML/cmm/m/it on input line 29.
LaTeX Font Info:    ... okay on input line 29.
LaTeX Font Info:    Checking defaults for T1/cmr/m/n on input line 29.
LaTeX Font Info:    ... okay on input line 29.
LaTeX Font Info:    Checking defaults for OT1/cmr/m/n on input line 29.
LaTeX Font Info:    ... okay on input line 29.
LaTeX Font Info:    Checking defaults for OMS/cmsy/m/n on input line 29.
LaTeX Font Info:    ... okay on input line 29.
LaTeX Font Info:    Checking defaults for OMX/cmex/m/n on input line 29.
LaTeX Font Info:    ... okay on input line 29.
LaTeX Font Info:    Checking defaults for U/cmr/m/n on input line 29.
LaTeX Font Info:    ... okay on input line 29.
LaTeX Font Info:    Checking defaults for PD1/pdf/m/n on input line 29.
LaTeX Font Info:    ... okay on input line 29.
Package lastpage Info: Please have a look at the pageslts package at
(lastpage)             https://www.ctan.org/pkg/pageslts
(lastpage)             ! on input line 29.

(/usr/share/texlive/texmf-dist/tex/context/base/mkii/supp-pdf.mkii
[Loading MPS to PDF converter (version 2006.09.02).]
\scratchcounter=\count134
\scratchdimen=\dimen147
\scratchbox=\box42
\nofMPsegments=\count135
\nofMParguments=\count136
\everyMPshowfont=\toks31
\MPscratchCnt=\count137
\MPscratchDim=\dimen148
\MPnumerator=\count138
\makeMPintoPDFobject=\count139
\everyMPtoPDFconversion=\toks32
) (/usr/share/texlive/texmf-dist/tex/latex/oberdiek/epstopdf-base.sty
Package: epstopdf-base 2016/05/15 v2.6 Base part for package epstopdf

(/usr/share/texlive/texmf-dist/tex/latex/oberdiek/grfext.sty
Package: grfext 2016/05/16 v1.2 Manage graphics extensions (HO)
)
Package epstopdf-base Info: Redefining graphics rule for `.eps' on input line 4
38.
Package grfext Info: Graphics extension search list:
(grfext)             [.pdf,.png,.jpg,.mps,.jpeg,.jbig2,.jb2,.PDF,.PNG,.JPG,.JPE
G,.JBIG2,.JB2,.eps]
(grfext)             \AppendGraphicsExtensions on input line 456.

(/usr/share/texlive/texmf-dist/tex/latex/latexconfig/epstopdf-sys.cfg
File: epstopdf-sys.cfg 2010/07/13 v1.3 Configuration of (r)epstopdf for TeX Liv
e
))
*geometry* driver: auto-detecting
*geometry* detected driver: pdftex
*geometry* verbose mode - [ preamble ] result:
* driver: pdftex
* paper: a4paper
* layout: <same size as paper>
* layoutoffset:(h,v)=(0.0pt,0.0pt)
* vratio: 1:1
* modes: 
* h-part:(L,W,R)=(85.35826pt, 426.79135pt, 85.35826pt)
* v-part:(T,H,B)=(71.13188pt, 702.78308pt, 71.13188pt)
* \paperwidth=597.50787pt
* \paperheight=845.04684pt
* \textwidth=426.79135pt
* \textheight=702.78308pt
* \oddsidemargin=13.08827pt
* \evensidemargin=13.08827pt
* \topmargin=-33.0119pt
* \headheight=12.0pt
* \headsep=19.8738pt
* \topskip=12.0pt
* \footskip=30.0pt
* \marginparwidth=38.0pt
* \marginparsep=7.0pt
* \columnsep=10.0pt
* \skip\footins=10.8pt plus 4.0pt minus 2.0pt
* \hoffset=0.0pt
* \voffset=0.0pt
* \mag=1000
* \@twocolumnfalse
* \@twosidefalse
* \@mparswitchfalse
* \@reversemarginfalse
* (1in=72.27pt=25.4mm, 1cm=28.453pt)

\AtBeginShipoutBox=\box43
Package hyperref Info: Link coloring OFF on input line 29.
(/usr/share/texlive/texmf-dist/tex/latex/hyperref/nameref.sty
Package: nameref 2016/05/21 v2.44 Cross-referencing by name of section

(/usr/share/texlive/texmf-dist/tex/generic/oberdiek/gettitlestring.sty
Package: gettitlestring 2016/05/16 v1.5 Cleanup title references (HO)
)
\c@section@level=\count140
)
LaTeX Info: Redefining \ref on input line 29.
LaTeX Info: Redefining \pageref on input line 29.
LaTeX Info: Redefining \nameref on input line 29.

(./tese_andrelreis_2019.out) (./tese_andrelreis_2019.out)
\@outlinefile=\write3
\openout3 = `tese_andrelreis_2019.out'.


(/usr/share/texlive/texmf-dist/tex/latex/oberdiek/pdflscape.sty
Package: pdflscape 2016/05/14 v0.11 Display of landscape pages in PDF (HO)

(/usr/share/texlive/texmf-dist/tex/latex/graphics/lscape.sty
Package: lscape 2000/10/22 v3.01 Landscape Pages (DPC)
)
Package pdflscape Info: Auto-detected driver: pdftex on input line 81.
)
Package babel Info: Redefining portuges shorthand "|
(babel)             in language  on input line 67.
Package babel Info: Redefining portuges shorthand "|
(babel)             in language  on input line 67.
Package babel Info: Redefining portuges shorthand "|
(babel)             in language  on input line 67.
Package babel Info: Redefining portuges shorthand "|
(babel)             in language  on input line 67.
Package babel Info: Redefining portuges shorthand "|
(babel)             in language  on input line 67.
Package hyperref Info: Option `breaklinks' set `true' on input line 67.
Package hyperref Info: Option `raiselinks' set `true' on input line 67.
Package hyperref Info: Option `pageanchor' set `true' on input line 67.


pdfTeX warning: pdflatex (file ./ON-logo.pdf): PDF inclusion: found PDF version
 <1.6>, but at most version <1.5> allowed
<ON-logo.pdf, id=132, 532.95615pt x 168.19116pt>
File: ON-logo.pdf Graphic file (type pdf)
<use ON-logo.pdf>
Package pdftex.def Info: ON-logo.pdf  used on input line 67.
(pdftex.def)             Requested size: 142.26378pt x 44.8938pt.
<DIPPG-logo.png, id=133, 165.61874pt x 61.1886pt>
File: DIPPG-logo.png Graphic file (type png)
<use DIPPG-logo.png>
Package pdftex.def Info: DIPPG-logo.png  used on input line 67.
(pdftex.def)             Requested size: 113.81102pt x 42.04742pt.

Underfull \hbox (badness 7221) in paragraph at lines 67--67
[]\OT1/cmr/m/n/12 Tese apresentada ao Programa de P^^Sos-
 []


Underfull \hbox (badness 7667) in paragraph at lines 67--67
\OT1/cmr/m/n/12 gradua^^Xc~ao em Geof^^S^^Psica do Observat^^Sorio
 []

LaTeX Font Info:    Try loading font information for U+msa on input line 67.
(/usr/share/texlive/texmf-dist/tex/latex/amsfonts/umsa.fd
File: umsa.fd 2013/01/14 v3.01 AMS symbols A
)
LaTeX Font Info:    Try loading font information for U+msb on input line 67.

(/usr/share/texlive/texmf-dist/tex/latex/amsfonts/umsb.fd
File: umsb.fd 2013/01/14 v3.01 AMS symbols B
)
Package babel Info: Redefining portuges shorthand "|
(babel)             in language  on input line 67.
Package babel Info: Redefining portuges shorthand "|
(babel)             in language  on input line 67.
 [1


{/var/lib/texmf/fonts/map/pdftex/updmap/pdftex.map} <./ON-logo.pdf> <./DIPPG-lo
go.png>]
<membros_banca_Andre.pdf, id=144, 547.04375pt x 794.97pt>
File: membros_banca_Andre.pdf Graphic file (type pdf)
<use membros_banca_Andre.pdf>
Package pdftex.def Info: membros_banca_Andre.pdf  used on input line 67.
(pdftex.def)             Requested size: 547.0424pt x 794.96806pt.
File: membros_banca_Andre.pdf Graphic file (type pdf)
<use membros_banca_Andre.pdf>
Package pdftex.def Info: membros_banca_Andre.pdf  used on input line 67.
(pdftex.def)             Requested size: 547.0424pt x 794.96806pt.
<membros_banca_Andre.pdf, id=147, page=1, 547.04375pt x 794.97pt>
File: membros_banca_Andre.pdf Graphic file (type pdf)
<use membros_banca_Andre.pdf, page 1>
Package pdftex.def Info: membros_banca_Andre.pdf , page1 used on input line 67.

(pdftex.def)             Requested size: 547.0424pt x 794.96806pt.
File: membros_banca_Andre.pdf Graphic file (type pdf)
<use membros_banca_Andre.pdf, page 1>
Package pdftex.def Info: membros_banca_Andre.pdf , page1 used on input line 67.

(pdftex.def)             Requested size: 582.20917pt x 846.0728pt.
File: membros_banca_Andre.pdf Graphic file (type pdf)
<use membros_banca_Andre.pdf, page 1>
Package pdftex.def Info: membros_banca_Andre.pdf , page1 used on input line 67.

(pdftex.def)             Requested size: 582.20917pt x 846.0728pt.
File: membros_banca_Andre.pdf Graphic file (type pdf)
<use membros_banca_Andre.pdf, page 1>
Package pdftex.def Info: membros_banca_Andre.pdf , page1 used on input line 67.

(pdftex.def)             Requested size: 582.20917pt x 846.0728pt.
Package babel Info: Redefining portuges shorthand "|
(babel)             in language  on input line 67.
Package babel Info: Redefining portuges shorthand "|
(babel)             in language  on input line 67.
pdfTeX warning (ext4): destination with the same identifier (name{page.i}) has 
been already used, duplicate ignored
<to be read again> 
                   \relax 
l.67 ...-,pagecommand={}]{membros_banca_Andre.pdf}
                                                  
File: membros_banca_Andre.pdf Graphic file (type pdf)
<use membros_banca_Andre.pdf, page 1>
Package pdftex.def Info: membros_banca_Andre.pdf , page1 used on input line 67.

(pdftex.def)             Requested size: 582.20917pt x 846.0728pt.
 [1 <./membros_banca_Andre.pdf>]
\openout2 = `resumo.aux'.

 (./resumo.tex
Package babel Info: Redefining portuges shorthand "|
(babel)             in language  on input line 34.
Package babel Info: Redefining portuges shorthand "|
(babel)             in language  on input line 34.
 [2


])
Package babel Info: Redefining portuges shorthand "|
(babel)             in language  on input line 68.
Package babel Info: Redefining portuges shorthand "|
(babel)             in language  on input line 68.
 [3]
\openout2 = `abstract.aux'.

 (./abstract.tex [4



])
Package babel Info: Redefining portuges shorthand "|
(babel)             in language  on input line 69.
Package babel Info: Redefining portuges shorthand "|
(babel)             in language  on input line 69.
 [5] (./tese_andrelreis_2019.toc
Package babel Info: Redefining portuges shorthand "|
(babel)             in language  on input line 28.
Package babel Info: Redefining portuges shorthand "|
(babel)             in language  on input line 28.
[6


])
\tf@toc=\write4
\openout4 = `tese_andrelreis_2019.toc'.

Package babel Info: Redefining portuges shorthand "|
(babel)             in language  on input line 71.
Package babel Info: Redefining portuges shorthand "|
(babel)             in language  on input line 71.
 [7]
Package babel Info: Redefining portuges shorthand "|
(babel)             in language  on input line 71.
 (./tese_andrelreis_2019.lof
Package babel Info: Redefining portuges shorthand "|
(babel)             in language  on input line 13.
Package babel Info: Redefining portuges shorthand "|
(babel)             in language  on input line 13.
 [8

]
Package babel Info: Redefining portuges shorthand "|
(babel)             in language  on input line 20.
Package babel Info: Redefining portuges shorthand "|
(babel)             in language  on input line 20.
 [9]
Overfull \hbox (11.51945pt too wide) in paragraph at lines 26--26
 [][] [][]\OT1/cmr/m/n/12 Aplica^^Xc~ao a da-dos de la-bo-rat^^Sorio para a amo
s-tra de Vre-de-fort ([]ARAUJO 
 []


Overfull \hbox (11.51945pt too wide) in paragraph at lines 27--27
 [][] [][]\OT1/cmr/m/n/12 Aplica^^Xc~ao a da-dos de la-bo-rat^^Sorio para a amo
s-tra de Vre-de-fort ([]ARAUJO 
 []

Package babel Info: Redefining portuges shorthand "|
(babel)             in language  on input line 29.
Package babel Info: Redefining portuges shorthand "|
(babel)             in language  on input line 29.
[10]
Package babel Info: Redefining portuges shorthand "|
(babel)             in language  on input line 41.
Package babel Info: Redefining portuges shorthand "|
(babel)             in language  on input line 41.
 [11])
\tf@lof=\write5
\openout5 = `tese_andrelreis_2019.lof'.

Package babel Info: Redefining portuges shorthand "|
(babel)             in language  on input line 73.
Package babel Info: Redefining portuges shorthand "|
(babel)             in language  on input line 73.
 [12]
\openout2 = `agradecimentos.aux'.

 (./agradecimentos.tex)
Package babel Info: Redefining portuges shorthand "|
(babel)             in language  on input line 73.
Package babel Info: Redefining portuges shorthand "|
(babel)             in language  on input line 73.
 [13


]
\openout2 = `introducao.aux'.

 (./introducao.tex
Cap\'{\i }tulo 1.
Package babel Info: Redefining portuges shorthand "|
(babel)             in language  on input line 1.
Package babel Info: Redefining portuges shorthand "|
(babel)             in language  on input line 9.
Package babel Info: Redefining portuges shorthand "|
(babel)             in language  on input line 9.
[1




]
Package babel Info: Redefining portuges shorthand "|
(babel)             in language  on input line 18.
Package babel Info: Redefining portuges shorthand "|
(babel)             in language  on input line 18.
 [2])
Package babel Info: Redefining portuges shorthand "|
(babel)             in language  on input line 79.
Package babel Info: Redefining portuges shorthand "|
(babel)             in language  on input line 79.
 [3]
Package babel Info: Redefining portuges shorthand "|
(babel)             in language  on input line 79.
Package babel Info: Redefining portuges shorthand "|
(babel)             in language  on input line 79.
 [4]
\openout2 = `fundamentacao.aux'.

 (./fundamentacao.tex
Cap\'{\i }tulo 2.
Package babel Info: Redefining portuges shorthand "|
(babel)             in language  on input line 1.
Package babel Info: Redefining portuges shorthand "|
(babel)             in language  on input line 5.
Package babel Info: Redefining portuges shorthand "|
(babel)             in language  on input line 45.
Package babel Info: Redefining portuges shorthand "|
(babel)             in language  on input line 45.
[5



]
Package babel Info: Redefining portuges shorthand "|
(babel)             in language  on input line 99.
Package babel Info: Redefining portuges shorthand "|
(babel)             in language  on input line 116.
Package babel Info: Redefining portuges shorthand "|
(babel)             in language  on input line 116.
 [6]
Package babel Info: Redefining portuges shorthand "|
(babel)             in language  on input line 141.
Package babel Info: Redefining portuges shorthand "|
(babel)             in language  on input line 150.
Package babel Info: Redefining portuges shorthand "|
(babel)             in language  on input line 150.
 [7]
Package babel Info: Redefining portuges shorthand "|
(babel)             in language  on input line 225.
Package babel Info: Redefining portuges shorthand "|
(babel)             in language  on input line 225.
 [8]
Overfull \hbox (7.66292pt too wide) in paragraph at lines 268--284
\OT1/cmr/m/n/12 com uma de-ter-mi-nada dis-tri-bui^^Xc~ao de in-ten-si-da-des d
e mo-mento magn^^Setico $\OML/cmm/m/it/12 p\OT1/cmr/m/n/12 (\OML/cmm/m/it/12 x[
]; y[]; z[]\OT1/cmr/m/n/12 )$
 []

Package babel Info: Redefining portuges shorthand "|
(babel)             in language  on input line 284.
Package babel Info: Redefining portuges shorthand "|
(babel)             in language  on input line 284.
[9]
Package babel Info: Redefining portuges shorthand "|
(babel)             in language  on input line 295.

Overfull \hbox (14.93462pt too wide) in paragraph at lines 298--302
\OT1/cmr/m/n/12 Neste se-gundo de-sen-vol-vi-mento, con-si-dero o caso par-ti-c
u-lar em que as fon-tes magn^^Seticas
 []

Package babel Info: Redefining portuges shorthand "|
(babel)             in language  on input line 321.
Package babel Info: Redefining portuges shorthand "|
(babel)             in language  on input line 321.
[10]
Package babel Info: Redefining portuges shorthand "|
(babel)             in language  on input line 383.
Package babel Info: Redefining portuges shorthand "|
(babel)             in language  on input line 383.
 [11]
Package babel Info: Redefining portuges shorthand "|
(babel)             in language  on input line 440.
Package babel Info: Redefining portuges shorthand "|
(babel)             in language  on input line 440.
 [12]
Package babel Info: Redefining portuges shorthand "|
(babel)             in language  on input line 490.
Package babel Info: Redefining portuges shorthand "|
(babel)             in language  on input line 490.
 [13]
Package babel Info: Redefining portuges shorthand "|
(babel)             in language  on input line 556.
Package babel Info: Redefining portuges shorthand "|
(babel)             in language  on input line 556.
 [14]
<Fig/eqlayer/surface_Green.png, id=791, 240.6591pt x 216.81pt>
File: Fig/eqlayer/surface_Green.png Graphic file (type png)
<use Fig/eqlayer/surface_Green.png>
Package pdftex.def Info: Fig/eqlayer/surface_Green.png  used on input line 594.

(pdftex.def)             Requested size: 320.0935pt x 288.37352pt.
)
Package babel Info: Redefining portuges shorthand "|
(babel)             in language  on input line 81.
Package babel Info: Redefining portuges shorthand "|
(babel)             in language  on input line 81.
 [15]
Package babel Info: Redefining portuges shorthand "|
(babel)             in language  on input line 81.
Package babel Info: Redefining portuges shorthand "|
(babel)             in language  on input line 81.
 [16pdfTeX warning (ext4): destination with the same identifier (name{figure.2.
1}) has been already used, duplicate ignored

\AtBegShi@Output ...ipout \box \AtBeginShipoutBox 
                                                  \fi \fi 
l.81 \include{fundamentacao}
                             <./Fig/eqlayer/surface_Green.png>]
\openout2 = `metodologia.aux'.


(./metodologia.tex
Cap\'{\i }tulo 3.
Package babel Info: Redefining portuges shorthand "|
(babel)             in language  on input line 1.
Package babel Info: Redefining portuges shorthand "|
(babel)             in language  on input line 4.
Package babel Info: Redefining portuges shorthand "|
(babel)             in language  on input line 17.
Package babel Info: Redefining portuges shorthand "|
(babel)             in language  on input line 40.
Package babel Info: Redefining portuges shorthand "|
(babel)             in language  on input line 40.
[17



]
<Fig/mag_vec/eqlayer_figure_balpha.png, id=818, 597.55244pt x 506.49225pt>
File: Fig/mag_vec/eqlayer_figure_balpha.png Graphic file (type png)
<use Fig/mag_vec/eqlayer_figure_balpha.png>
Package pdftex.def Info: Fig/mag_vec/eqlayer_figure_balpha.png  used on input l
ine 74.
(pdftex.def)             Requested size: 298.75264pt x 253.23004pt.
Package babel Info: Redefining portuges shorthand "|
(babel)             in language  on input line 84.
Package babel Info: Redefining portuges shorthand "|
(babel)             in language  on input line 84.
 [18]
Package babel Info: Redefining portuges shorthand "|
(babel)             in language  on input line 85.
Package babel Info: Redefining portuges shorthand "|
(babel)             in language  on input line 112.
Package babel Info: Redefining portuges shorthand "|
(babel)             in language  on input line 112.
 [19pdfTeX warning (ext4): destination with the same identifier (name{figure.3.
1}) has been already used, duplicate ignored

\AtBegShi@Output ...ipout \box \AtBeginShipoutBox 
                                                  \fi \fi 
l.112 \end{equation}
                     <./Fig/mag_vec/eqlayer_figure_balpha.png>]
Package babel Info: Redefining portuges shorthand "|
(babel)             in language  on input line 130.
Package babel Info: Redefining portuges shorthand "|
(babel)             in language  on input line 141.
Package babel Info: Redefining portuges shorthand "|
(babel)             in language  on input line 162.
Package babel Info: Redefining portuges shorthand "|
(babel)             in language  on input line 162.
 [20]
<Fig/eqlayer/eqlayer_figure_tfa.png, id=863, 597.55244pt x 506.49225pt>
File: Fig/eqlayer/eqlayer_figure_tfa.png Graphic file (type png)
<use Fig/eqlayer/eqlayer_figure_tfa.png>
Package pdftex.def Info: Fig/eqlayer/eqlayer_figure_tfa.png  used on input line
 208.
(pdftex.def)             Requested size: 298.75264pt x 253.23004pt.
Package babel Info: Redefining portuges shorthand "|
(babel)             in language  on input line 219.
Package babel Info: Redefining portuges shorthand "|
(babel)             in language  on input line 219.
 [21]
Package babel Info: Redefining portuges shorthand "|
(babel)             in language  on input line 221.
Package babel Info: Redefining portuges shorthand "|
(babel)             in language  on input line 249.
Package babel Info: Redefining portuges shorthand "|
(babel)             in language  on input line 249.

[22pdfTeX warning (ext4): destination with the same identifier (name{figure.3.2
}) has been already used, duplicate ignored

\AtBegShi@Output ...ipout \box \AtBeginShipoutBox 
                                                  \fi \fi 
l.249 
       <./Fig/eqlayer/eqlayer_figure_tfa.png>]
Package babel Info: Redefining portuges shorthand "|
(babel)             in language  on input line 313.
Package babel Info: Redefining portuges shorthand "|
(babel)             in language  on input line 313.
 [23]
Package babel Info: Redefining portuges shorthand "|
(babel)             in language  on input line 342.
Package babel Info: Redefining portuges shorthand "|
(babel)             in language  on input line 372.
Package babel Info: Redefining portuges shorthand "|
(babel)             in language  on input line 372.
 [24]
Overfull \hbox (4.36389pt too wide) in paragraph at lines 372--378
\OT1/cmr/m/n/12 quando a fun^^Xc~ao ob-je-tivo (equa^^Xc~ao []3.12[]a) ^^Se in-
va-ri-ante ao longo de su-ces-si-vas itera^^Xc~oes.
 []

Package babel Info: Redefining portuges shorthand "|
(babel)             in language  on input line 379.
Package babel Info: Redefining portuges shorthand "|
(babel)             in language  on input line 427.
Package babel Info: Redefining portuges shorthand "|
(babel)             in language  on input line 427.
[25]
Package babel Info: Redefining portuges shorthand "|
(babel)             in language  on input line 439.


Package hyperref Warning: Token not allowed in a PDF string (PDFDocEncoding):
(hyperref)                removing `math shift' on input line 439.


Package hyperref Warning: Token not allowed in a PDF string (PDFDocEncoding):
(hyperref)                removing `subscript' on input line 439.


Package hyperref Warning: Token not allowed in a PDF string (PDFDocEncoding):
(hyperref)                removing `math shift' on input line 439.


Package hyperref Warning: Token not allowed in a PDF string (PDFDocEncoding):
(hyperref)                removing `math shift' on input line 439.


Package hyperref Warning: Token not allowed in a PDF string (PDFDocEncoding):
(hyperref)                removing `\mu' on input line 439.


Package hyperref Warning: Token not allowed in a PDF string (PDFDocEncoding):
(hyperref)                removing `math shift' on input line 439.

)
Package babel Info: Redefining portuges shorthand "|
(babel)             in language  on input line 82.
Package babel Info: Redefining portuges shorthand "|
(babel)             in language  on input line 82.
 [26]
\openout2 = `simulacoes_II.aux'.

 (./simulacoes_II.tex
Cap\'{\i }tulo 4.
Package babel Info: Redefining portuges shorthand "|
(babel)             in language  on input line 1.
Package babel Info: Redefining portuges shorthand "|
(babel)             in language  on input line 6.
<Fig/mag_vec/amostra_homo_correto/noisy_bz_sample.png, id=985, 722.7pt x 722.7p
t>
File: Fig/mag_vec/amostra_homo_correto/noisy_bz_sample.png Graphic file (type p
ng)
<use Fig/mag_vec/amostra_homo_correto/noisy_bz_sample.png>
Package pdftex.def Info: Fig/mag_vec/amostra_homo_correto/noisy_bz_sample.png  
used on input line 14.
(pdftex.def)             Requested size: 341.43437pt x 341.43344pt.
Package babel Info: Redefining portuges shorthand "|
(babel)             in language  on input line 19.
Package babel Info: Redefining portuges shorthand "|
(babel)             in language  on input line 24.
Package babel Info: Redefining portuges shorthand "|
(babel)             in language  on input line 24.
[27



]
Package babel Info: Redefining portuges shorthand "|
(babel)             in language  on input line 24.
Package babel Info: Redefining portuges shorthand "|
(babel)             in language  on input line 24.
 [28pdfTeX warning (ext4): destination with the same identifier (name{figure.4.
1}) has been already used, duplicate ignored

\AtBegShi@Output ...ipout \box \AtBeginShipoutBox 
                                                  \fi \fi 
l.24 
      <./Fig/mag_vec/amostra_homo_correto/noisy_bz_sample.png>]
<Fig/mag_vec/amostra_homo_correto/results_data_fitting_Bz.png, id=1021, 2023.56
pt x 794.97pt>
File: Fig/mag_vec/amostra_homo_correto/results_data_fitting_Bz.png Graphic file
 (type png)
<use Fig/mag_vec/amostra_homo_correto/results_data_fitting_Bz.png>
Package pdftex.def Info: Fig/mag_vec/amostra_homo_correto/results_data_fitting_
Bz.png  used on input line 28.
(pdftex.def)             Requested size: 384.1096pt x 150.9003pt.
<Fig/mag_vec/amostra_homo_correto/field_components_eqlayer.png, id=1022, 1589.9
4pt x 1589.94pt>
File: Fig/mag_vec/amostra_homo_correto/field_components_eqlayer.png Graphic fil
e (type png)
<use Fig/mag_vec/amostra_homo_correto/field_components_eqlayer.png>
Package pdftex.def Info: Fig/mag_vec/amostra_homo_correto/field_components_eqla
yer.png  used on input line 35.
(pdftex.def)             Requested size: 426.79135pt x 426.79071pt.
<Fig/mag_vec/amostra_homo_correto/comparison_true_estimated.png, id=1025, 2023.
56pt x 1300.86pt>
File: Fig/mag_vec/amostra_homo_correto/comparison_true_estimated.png Graphic fi
le (type png)
<use Fig/mag_vec/amostra_homo_correto/comparison_true_estimated.png>
Package pdftex.def Info: Fig/mag_vec/amostra_homo_correto/comparison_true_estim
ated.png  used on input line 42.
(pdftex.def)             Requested size: 490.80743pt x 315.5078pt.

Overfull \hbox (64.01608pt too wide) in paragraph at lines 42--43
 [][] 
 []

Package babel Info: Redefining portuges shorthand "|
(babel)             in language  on input line 48.
Package babel Info: Redefining portuges shorthand "|
(babel)             in language  on input line 52.
Package babel Info: Redefining portuges shorthand "|
(babel)             in language  on input line 52.
[29pdfTeX warning (ext4): destination with the same identifier (name{figure.4.2
}) has been already used, duplicate ignored

\AtBegShi@Output ...ipout \box \AtBeginShipoutBox 
                                                  \fi \fi 
l.52 
      <./Fig/mag_vec/amostra_homo_correto/results_data_fitting_Bz.png>]
Package babel Info: Redefining portuges shorthand "|
(babel)             in language  on input line 52.
Package babel Info: Redefining portuges shorthand "|
(babel)             in language  on input line 52.

[30pdfTeX warning (ext4): destination with the same identifier (name{figure.4.3
}) has been already used, duplicate ignored

\AtBegShi@Output ...ipout \box \AtBeginShipoutBox 
                                                  \fi \fi 
l.52 
      <./Fig/mag_vec/amostra_homo_correto/field_components_eqlayer.png>]
Package babel Info: Redefining portuges shorthand "|
(babel)             in language  on input line 52.
Package babel Info: Redefining portuges shorthand "|
(babel)             in language  on input line 52.

[31pdfTeX warning (ext4): destination with the same identifier (name{figure.4.4
}) has been already used, duplicate ignored

\AtBegShi@Output ...ipout \box \AtBeginShipoutBox 
                                                  \fi \fi 
l.52 
      <./Fig/mag_vec/amostra_homo_correto/comparison_true_estimated.png>]
<Fig/mag_vec/amostra_homo_errado/results_data_fitting_Bz.png, id=1065, 2023.56p
t x 794.97pt>
File: Fig/mag_vec/amostra_homo_errado/results_data_fitting_Bz.png Graphic file 
(type png)
<use Fig/mag_vec/amostra_homo_errado/results_data_fitting_Bz.png>
Package pdftex.def Info: Fig/mag_vec/amostra_homo_errado/results_data_fitting_B
z.png  used on input line 57.
(pdftex.def)             Requested size: 384.1096pt x 150.9003pt.
<Fig/mag_vec/amostra_homo_errado/field_components_eqlayer.png, id=1066, 1589.94
pt x 1589.94pt>
File: Fig/mag_vec/amostra_homo_errado/field_components_eqlayer.png Graphic file
 (type png)
<use Fig/mag_vec/amostra_homo_errado/field_components_eqlayer.png>
Package pdftex.def Info: Fig/mag_vec/amostra_homo_errado/field_components_eqlay
er.png  used on input line 64.
(pdftex.def)             Requested size: 426.79135pt x 426.79071pt.
<Fig/mag_vec/amostra_homo_errado/comparison_true_estimated.png, id=1069, 2023.5
6pt x 1300.86pt>
File: Fig/mag_vec/amostra_homo_errado/comparison_true_estimated.png Graphic fil
e (type png)
<use Fig/mag_vec/amostra_homo_errado/comparison_true_estimated.png>
Package pdftex.def Info: Fig/mag_vec/amostra_homo_errado/comparison_true_estima
ted.png  used on input line 71.
(pdftex.def)             Requested size: 490.80743pt x 315.5078pt.

Overfull \hbox (64.01608pt too wide) in paragraph at lines 71--72
 [][] 
 []

Package babel Info: Redefining portuges shorthand "|
(babel)             in language  on input line 78.
Package babel Info: Redefining portuges shorthand "|
(babel)             in language  on input line 83.
Package babel Info: Redefining portuges shorthand "|
(babel)             in language  on input line 83.
[32pdfTeX warning (ext4): destination with the same identifier (name{figure.4.5
}) has been already used, duplicate ignored

\AtBegShi@Output ...ipout \box \AtBeginShipoutBox 
                                                  \fi \fi 
l.83 
      <./Fig/mag_vec/amostra_homo_errado/results_data_fitting_Bz.png>]
Package babel Info: Redefining portuges shorthand "|
(babel)             in language  on input line 83.
Package babel Info: Redefining portuges shorthand "|
(babel)             in language  on input line 83.
 [33pdfTeX warning (ext4): destination with the same identifier (name{figure.4.
6}) has been already used, duplicate ignored

\AtBegShi@Output ...ipout \box \AtBeginShipoutBox 
                                                  \fi \fi 
l.83 
      <./Fig/mag_vec/amostra_homo_errado/field_components_eqlayer.png>]
Package babel Info: Redefining portuges shorthand "|
(babel)             in language  on input line 83.
Package babel Info: Redefining portuges shorthand "|
(babel)             in language  on input line 83.

[34pdfTeX warning (ext4): destination with the same identifier (name{figure.4.7
}) has been already used, duplicate ignored

\AtBegShi@Output ...ipout \box \AtBeginShipoutBox 
                                                  \fi \fi 
l.83 
      <./Fig/mag_vec/amostra_homo_errado/comparison_true_estimated.png>]
<Fig/mag_vec/simulacao_real_correto/noisy_bz_sample.png, id=1092, 722.7pt x 722
.7pt>
File: Fig/mag_vec/simulacao_real_correto/noisy_bz_sample.png Graphic file (type
 png)
<use Fig/mag_vec/simulacao_real_correto/noisy_bz_sample.png>
Package pdftex.def Info: Fig/mag_vec/simulacao_real_correto/noisy_bz_sample.png
  used on input line 87.
(pdftex.def)             Requested size: 341.43437pt x 341.43344pt.
Package babel Info: Redefining portuges shorthand "|
(babel)             in language  on input line 93.
<Fig/mag_vec/simulacao_real_correto/results_data_fitting_Bz.png, id=1115, 2023.
56pt x 794.97pt>
File: Fig/mag_vec/simulacao_real_correto/results_data_fitting_Bz.png Graphic fi
le (type png)
<use Fig/mag_vec/simulacao_real_correto/results_data_fitting_Bz.png>
Package pdftex.def Info: Fig/mag_vec/simulacao_real_correto/results_data_fittin
g_Bz.png  used on input line 103.
(pdftex.def)             Requested size: 384.1096pt x 150.9003pt.
Package babel Info: Redefining portuges shorthand "|
(babel)             in language  on input line 106.
Package babel Info: Redefining portuges shorthand "|
(babel)             in language  on input line 106.

[35]
Package babel Info: Redefining portuges shorthand "|
(babel)             in language  on input line 106.
Package babel Info: Redefining portuges shorthand "|
(babel)             in language  on input line 106.
 [36pdfTeX warning (ext4): destination with the same identifier (name{figure.4.
8}) has been already used, duplicate ignored

\AtBegShi@Output ...ipout \box \AtBeginShipoutBox 
                                                  \fi \fi 
l.106 \end{figure}
                   <./Fig/mag_vec/simulacao_real_correto/noisy_bz_sample.png>]
<Fig/mag_vec/simulacao_real_correto/field_components_eqlayer.png, id=1130, 1589
.94pt x 1589.94pt>
File: Fig/mag_vec/simulacao_real_correto/field_components_eqlayer.png Graphic f
ile (type png)
<use Fig/mag_vec/simulacao_real_correto/field_components_eqlayer.png>
Package pdftex.def Info: Fig/mag_vec/simulacao_real_correto/field_components_eq
layer.png  used on input line 110.
(pdftex.def)             Requested size: 426.79135pt x 426.79071pt.
<Fig/mag_vec/simulacao_real_correto/comparison_true_estimated.png, id=1133, 202
3.56pt x 1300.86pt>
File: Fig/mag_vec/simulacao_real_correto/comparison_true_estimated.png Graphic 
file (type png)
<use Fig/mag_vec/simulacao_real_correto/comparison_true_estimated.png>
Package pdftex.def Info: Fig/mag_vec/simulacao_real_correto/comparison_true_est
imated.png  used on input line 117.
(pdftex.def)             Requested size: 490.80743pt x 315.5078pt.

Overfull \hbox (64.01608pt too wide) in paragraph at lines 117--118
 [][] 
 []

Package babel Info: Redefining portuges shorthand "|
(babel)             in language  on input line 123.
Package babel Info: Redefining portuges shorthand "|
(babel)             in language  on input line 132.
Package babel Info: Redefining portuges shorthand "|
(babel)             in language  on input line 132.
[37pdfTeX warning (ext4): destination with the same identifier (name{figure.4.9
}) has been already used, duplicate ignored

\AtBegShi@Output ...ipout \box \AtBeginShipoutBox 
                                                  \fi \fi 
l.132 
       <./Fig/mag_vec/simulacao_real_correto/results_data_fitting_Bz.png>]
Package babel Info: Redefining portuges shorthand "|
(babel)             in language  on input line 132.
Package babel Info: Redefining portuges shorthand "|
(babel)             in language  on input line 132.

[38pdfTeX warning (ext4): destination with the same identifier (name{figure.4.1
0}) has been already used, duplicate ignored

\AtBegShi@Output ...ipout \box \AtBeginShipoutBox 
                                                  \fi \fi 
l.132 
       <./Fig/mag_vec/simulacao_real_correto/field_components_eqlayer.png>]
Package babel Info: Redefining portuges shorthand "|
(babel)             in language  on input line 132.
Package babel Info: Redefining portuges shorthand "|
(babel)             in language  on input line 132.

[39pdfTeX warning (ext4): destination with the same identifier (name{figure.4.1
1}) has been already used, duplicate ignored

\AtBegShi@Output ...ipout \box \AtBeginShipoutBox 
                                                  \fi \fi 
l.132 
       <./Fig/mag_vec/simulacao_real_correto/comparison_true_estimated.png>]
<Fig/mag_vec/simulacao_real_errado/results_data_fitting_Bz.png, id=1172, 2023.5
6pt x 794.97pt>
File: Fig/mag_vec/simulacao_real_errado/results_data_fitting_Bz.png Graphic fil
e (type png)
<use Fig/mag_vec/simulacao_real_errado/results_data_fitting_Bz.png>
Package pdftex.def Info: Fig/mag_vec/simulacao_real_errado/results_data_fitting
_Bz.png  used on input line 137.
(pdftex.def)             Requested size: 384.1096pt x 150.9003pt.
<Fig/mag_vec/simulacao_real_errado/field_components_eqlayer.png, id=1173, 1589.
94pt x 1589.94pt>
File: Fig/mag_vec/simulacao_real_errado/field_components_eqlayer.png Graphic fi
le (type png)
<use Fig/mag_vec/simulacao_real_errado/field_components_eqlayer.png>
Package pdftex.def Info: Fig/mag_vec/simulacao_real_errado/field_components_eql
ayer.png  used on input line 144.
(pdftex.def)             Requested size: 426.79135pt x 426.79071pt.
<Fig/mag_vec/simulacao_real_errado/comparison_true_estimated.png, id=1176, 2023
.56pt x 1300.86pt>
File: Fig/mag_vec/simulacao_real_errado/comparison_true_estimated.png Graphic f
ile (type png)
<use Fig/mag_vec/simulacao_real_errado/comparison_true_estimated.png>
Package pdftex.def Info: Fig/mag_vec/simulacao_real_errado/comparison_true_esti
mated.png  used on input line 151.
(pdftex.def)             Requested size: 490.80743pt x 315.5078pt.

Overfull \hbox (64.01608pt too wide) in paragraph at lines 151--152
 [][] 
 []

)
Package babel Info: Redefining portuges shorthand "|
(babel)             in language  on input line 84.
Package babel Info: Redefining portuges shorthand "|
(babel)             in language  on input line 84.
 [40pdfTeX warning (ext4): destination with the same identifier (name{figure.4.
12}) has been already used, duplicate ignored

\AtBegShi@Output ...ipout \box \AtBeginShipoutBox 
                                                  \fi \fi 
l.84 \include{simulacoes_II}
                             <./Fig/mag_vec/simulacao_real_errado/results_data_
fitting_Bz.png>]
Package babel Info: Redefining portuges shorthand "|
(babel)             in language  on input line 84.
Package babel Info: Redefining portuges shorthand "|
(babel)             in language  on input line 84.
 [41pdfTeX warning (ext4): destination with the same identifier (name{figure.4.
13}) has been already used, duplicate ignored

\AtBegShi@Output ...ipout \box \AtBeginShipoutBox 
                                                  \fi \fi 
l.84 \include{simulacoes_II}
                             <./Fig/mag_vec/simulacao_real_errado/field_compone
nts_eqlayer.png>]
Package babel Info: Redefining portuges shorthand "|
(babel)             in language  on input line 84.
Package babel Info: Redefining portuges shorthand "|
(babel)             in language  on input line 84.
 [42pdfTeX warning (ext4): destination with the same identifier (name{figure.4.
14}) has been already used, duplicate ignored

\AtBegShi@Output ...ipout \box \AtBeginShipoutBox 
                                                  \fi \fi 
l.84 \include{simulacoes_II}
                             <./Fig/mag_vec/simulacao_real_errado/comparison_tr
ue_estimated.png>]
\openout2 = `dados_reais_II.aux'.

 (./dados_reais_II.tex
Cap\'{\i }tulo 5.
Package babel Info: Redefining portuges shorthand "|
(babel)             in language  on input line 1.
Package babel Info: Redefining portuges shorthand "|
(babel)             in language  on input line 8.
Package babel Info: Redefining portuges shorthand "|
(babel)             in language  on input line 8.
[43



]
<Fig/mag_vec/aplicacao_vredefort/results_data_fitting_Bz.png, id=1236, 1806.75p
t x 578.16pt>
File: Fig/mag_vec/aplicacao_vredefort/results_data_fitting_Bz.png Graphic file 
(type png)
<use Fig/mag_vec/aplicacao_vredefort/results_data_fitting_Bz.png>
Package pdftex.def Info: Fig/mag_vec/aplicacao_vredefort/results_data_fitting_B
z.png  used on input line 12.
(pdftex.def)             Requested size: 384.1096pt x 122.9081pt.
<Fig/mag_vec/aplicacao_vredefort/field_components_eqlayer.png, id=1241, 1445.4p
t x 1445.4pt>
File: Fig/mag_vec/aplicacao_vredefort/field_components_eqlayer.png Graphic file
 (type png)
<use Fig/mag_vec/aplicacao_vredefort/field_components_eqlayer.png>
Package pdftex.def Info: Fig/mag_vec/aplicacao_vredefort/field_components_eqlay
er.png  used on input line 19.
(pdftex.def)             Requested size: 426.79135pt x 426.7863pt.
)
Package babel Info: Redefining portuges shorthand "|
(babel)             in language  on input line 86.
Package babel Info: Redefining portuges shorthand "|
(babel)             in language  on input line 86.
 [44pdfTeX warning (ext4): destination with the same identifier (name{figure.5.
1}) has been already used, duplicate ignored

\AtBegShi@Output ...ipout \box \AtBeginShipoutBox 
                                                  \fi \fi 
l.86 \include{dados_reais_II}
                              <./Fig/mag_vec/aplicacao_vredefort/results_data_f
itting_Bz.png>]
Package babel Info: Redefining portuges shorthand "|
(babel)             in language  on input line 86.
Package babel Info: Redefining portuges shorthand "|
(babel)             in language  on input line 86.
 [45pdfTeX warning (ext4): destination with the same identifier (name{figure.5.
2}) has been already used, duplicate ignored

\AtBegShi@Output ...ipout \box \AtBeginShipoutBox 
                                                  \fi \fi 
l.86 \include{dados_reais_II}
                              <./Fig/mag_vec/aplicacao_vredefort/field_componen
ts_eqlayer.png>]
\openout2 = `simulacoes_I.aux'.

 (./simulacoes_I.tex
Cap\'{\i }tulo 6.
Package babel Info: Redefining portuges shorthand "|
(babel)             in language  on input line 1.
Package babel Info: Redefining portuges shorthand "|
(babel)             in language  on input line 8.
Package babel Info: Redefining portuges shorthand "|
(babel)             in language  on input line 12.
Package babel Info: Redefining portuges shorthand "|
(babel)             in language  on input line 12.
[46



]
<Fig/eqlayer/unidir_test/data_fitting_LM_NNLS_magRM.png, id=1276, 2023.56pt x 7
94.97pt>
File: Fig/eqlayer/unidir_test/data_fitting_LM_NNLS_magRM.png Graphic file (type
 png)
<use Fig/eqlayer/unidir_test/data_fitting_LM_NNLS_magRM.png>
Package pdftex.def Info: Fig/eqlayer/unidir_test/data_fitting_LM_NNLS_magRM.png
  used on input line 18.
(pdftex.def)             Requested size: 469.47308pt x 184.42831pt.

Overfull \hbox (42.68173pt too wide) in paragraph at lines 18--19
 [][] 
 []

<Fig/eqlayer/unidir_test/magnetic_moment_positive_LM_NNLS_magRM.png, id=1277, 7
22.7pt x 722.7pt>
File: Fig/eqlayer/unidir_test/magnetic_moment_positive_LM_NNLS_magRM.png Graphi
c file (type png)
<use Fig/eqlayer/unidir_test/magnetic_moment_positive_LM_NNLS_magRM.png>
Package pdftex.def Info: Fig/eqlayer/unidir_test/magnetic_moment_positive_LM_NN
LS_magRM.png  used on input line 25.
(pdftex.def)             Requested size: 384.1096pt x 384.10986pt.
<Fig/eqlayer/unidir_test/convergence_LM_NNLS_magRM.png, id=1278, 722.7pt x 722.
7pt>
File: Fig/eqlayer/unidir_test/convergence_LM_NNLS_magRM.png Graphic file (type 
png)
<use Fig/eqlayer/unidir_test/convergence_LM_NNLS_magRM.png>
Package pdftex.def Info: Fig/eqlayer/unidir_test/convergence_LM_NNLS_magRM.png 
 used on input line 32.
(pdftex.def)             Requested size: 384.1096pt x 384.10986pt.
Package babel Info: Redefining portuges shorthand "|
(babel)             in language  on input line 38.
Package babel Info: Redefining portuges shorthand "|
(babel)             in language  on input line 42.
Package babel Info: Redefining portuges shorthand "|
(babel)             in language  on input line 42.
[47pdfTeX warning (ext4): destination with the same identifier (name{figure.6.1
}) has been already used, duplicate ignored

\AtBegShi@Output ...ipout \box \AtBeginShipoutBox 
                                                  \fi \fi 
l.42 
      <./Fig/eqlayer/unidir_test/data_fitting_LM_NNLS_magRM.png>]
Package babel Info: Redefining portuges shorthand "|
(babel)             in language  on input line 42.
Package babel Info: Redefining portuges shorthand "|
(babel)             in language  on input line 42.
 [48pdfTeX warning (ext4): destination with the same identifier (name{figure.6.
2}) has been already used, duplicate ignored

\AtBegShi@Output ...ipout \box \AtBeginShipoutBox 
                                                  \fi \fi 
l.42 
      <./Fig/eqlayer/unidir_test/magnetic_moment_positive_LM_NNLS_magRM.png>]
Package babel Info: Redefining portuges shorthand "|
(babel)             in language  on input line 42.
Package babel Info: Redefining portuges shorthand "|
(babel)             in language  on input line 42.

[49pdfTeX warning (ext4): destination with the same identifier (name{figure.6.3
}) has been already used, duplicate ignored

\AtBegShi@Output ...ipout \box \AtBeginShipoutBox 
                                                  \fi \fi 
l.42 
      <./Fig/eqlayer/unidir_test/convergence_LM_NNLS_magRM.png>]
<Fig/eqlayer/unidir_shallow_test/data_fitting_LM_NNLS_magRM.png, id=1305, 2023.
56pt x 794.97pt>
File: Fig/eqlayer/unidir_shallow_test/data_fitting_LM_NNLS_magRM.png Graphic fi
le (type png)
<use Fig/eqlayer/unidir_shallow_test/data_fitting_LM_NNLS_magRM.png>
Package pdftex.def Info: Fig/eqlayer/unidir_shallow_test/data_fitting_LM_NNLS_m
agRM.png  used on input line 48.
(pdftex.def)             Requested size: 469.47308pt x 184.42831pt.

Overfull \hbox (42.68173pt too wide) in paragraph at lines 48--49
 [][] 
 []

<Fig/eqlayer/unidir_shallow_test/magnetic_moment_positive_LM_NNLS_magRM.png, id
=1306, 722.7pt x 722.7pt>
File: Fig/eqlayer/unidir_shallow_test/magnetic_moment_positive_LM_NNLS_magRM.pn
g Graphic file (type png)
<use Fig/eqlayer/unidir_shallow_test/magnetic_moment_positive_LM_NNLS_magRM.png
>
Package pdftex.def Info: Fig/eqlayer/unidir_shallow_test/magnetic_moment_positi
ve_LM_NNLS_magRM.png  used on input line 55.
(pdftex.def)             Requested size: 384.1096pt x 384.10986pt.
<Fig/eqlayer/unidir_shallow_test/convergence_LM_NNLS_magRM.png, id=1307, 722.7p
t x 722.7pt>
File: Fig/eqlayer/unidir_shallow_test/convergence_LM_NNLS_magRM.png Graphic fil
e (type png)
<use Fig/eqlayer/unidir_shallow_test/convergence_LM_NNLS_magRM.png>
Package pdftex.def Info: Fig/eqlayer/unidir_shallow_test/convergence_LM_NNLS_ma
gRM.png  used on input line 62.
(pdftex.def)             Requested size: 384.1096pt x 384.10986pt.
Package babel Info: Redefining portuges shorthand "|
(babel)             in language  on input line 67.
Package babel Info: Redefining portuges shorthand "|
(babel)             in language  on input line 71.
Package babel Info: Redefining portuges shorthand "|
(babel)             in language  on input line 71.
[50pdfTeX warning (ext4): destination with the same identifier (name{figure.6.4
}) has been already used, duplicate ignored

\AtBegShi@Output ...ipout \box \AtBeginShipoutBox 
                                                  \fi \fi 
l.71 
      <./Fig/eqlayer/unidir_shallow_test/data_fitting_LM_NNLS_magRM.png>]
Package babel Info: Redefining portuges shorthand "|
(babel)             in language  on input line 71.
Package babel Info: Redefining portuges shorthand "|
(babel)             in language  on input line 71.

[51pdfTeX warning (ext4): destination with the same identifier (name{figure.6.5
}) has been already used, duplicate ignored

\AtBegShi@Output ...ipout \box \AtBeginShipoutBox 
                                                  \fi \fi 
l.71 
      <./Fig/eqlayer/unidir_shallow_test/magnetic_moment_positive_LM_NNLS_magRM
.png>]
Package babel Info: Redefining portuges shorthand "|
(babel)             in language  on input line 71.
Package babel Info: Redefining portuges shorthand "|
(babel)             in language  on input line 71.
 [52pdfTeX warning (ext4): destination with the same identifier (name{figure.6.
6}) has been already used, duplicate ignored

\AtBegShi@Output ...ipout \box \AtBeginShipoutBox 
                                                  \fi \fi 
l.71 
      <./Fig/eqlayer/unidir_shallow_test/convergence_LM_NNLS_magRM.png>]
<Fig/eqlayer/unidir_shallow_diff_test/data_fitting_LM_NNLS_magRM.png, id=1333, 
2023.56pt x 794.97pt>
File: Fig/eqlayer/unidir_shallow_diff_test/data_fitting_LM_NNLS_magRM.png Graph
ic file (type png)
<use Fig/eqlayer/unidir_shallow_diff_test/data_fitting_LM_NNLS_magRM.png>
Package pdftex.def Info: Fig/eqlayer/unidir_shallow_diff_test/data_fitting_LM_N
NLS_magRM.png  used on input line 77.
(pdftex.def)             Requested size: 469.47308pt x 184.42831pt.

Overfull \hbox (42.68173pt too wide) in paragraph at lines 77--78
 [][] 
 []

<Fig/eqlayer/unidir_shallow_diff_test/magnetic_moment_positive_LM_NNLS_magRM.pn
g, id=1334, 722.7pt x 722.7pt>
File: Fig/eqlayer/unidir_shallow_diff_test/magnetic_moment_positive_LM_NNLS_mag
RM.png Graphic file (type png)
<use Fig/eqlayer/unidir_shallow_diff_test/magnetic_moment_positive_LM_NNLS_magR
M.png>
Package pdftex.def Info: Fig/eqlayer/unidir_shallow_diff_test/magnetic_moment_p
ositive_LM_NNLS_magRM.png  used on input line 84.
(pdftex.def)             Requested size: 384.1096pt x 384.10986pt.
<Fig/eqlayer/unidir_shallow_diff_test/convergence_LM_NNLS_magRM.png, id=1335, 7
22.7pt x 722.7pt>
File: Fig/eqlayer/unidir_shallow_diff_test/convergence_LM_NNLS_magRM.png Graphi
c file (type png)
<use Fig/eqlayer/unidir_shallow_diff_test/convergence_LM_NNLS_magRM.png>
Package pdftex.def Info: Fig/eqlayer/unidir_shallow_diff_test/convergence_LM_NN
LS_magRM.png  used on input line 91.
(pdftex.def)             Requested size: 384.1096pt x 384.10986pt.
)
Package babel Info: Redefining portuges shorthand "|
(babel)             in language  on input line 88.
Package babel Info: Redefining portuges shorthand "|
(babel)             in language  on input line 88.
 [53pdfTeX warning (ext4): destination with the same identifier (name{figure.6.
7}) has been already used, duplicate ignored

\AtBegShi@Output ...ipout \box \AtBeginShipoutBox 
                                                  \fi \fi 
l.88 \include{simulacoes_I}
                            <./Fig/eqlayer/unidir_shallow_diff_test/data_fittin
g_LM_NNLS_magRM.png>]
Package babel Info: Redefining portuges shorthand "|
(babel)             in language  on input line 88.
Package babel Info: Redefining portuges shorthand "|
(babel)             in language  on input line 88.
 [54pdfTeX warning (ext4): destination with the same identifier (name{figure.6.
8}) has been already used, duplicate ignored

\AtBegShi@Output ...ipout \box \AtBeginShipoutBox 
                                                  \fi \fi 
l.88 \include{simulacoes_I}
                            <./Fig/eqlayer/unidir_shallow_diff_test/magnetic_mo
ment_positive_LM_NNLS_magRM.png>]
Package babel Info: Redefining portuges shorthand "|
(babel)             in language  on input line 88.
Package babel Info: Redefining portuges shorthand "|
(babel)             in language  on input line 88.
 [55pdfTeX warning (ext4): destination with the same identifier (name{figure.6.
9}) has been already used, duplicate ignored

\AtBegShi@Output ...ipout \box \AtBeginShipoutBox 
                                                  \fi \fi 
l.88 \include{simulacoes_I}
                            <./Fig/eqlayer/unidir_shallow_diff_test/convergence
_LM_NNLS_magRM.png>]
\openout2 = `dados_reais_I.aux'.

 (./dados_reais_I.tex
Cap\'{\i }tulo 7.
Package babel Info: Redefining portuges shorthand "|
(babel)             in language  on input line 1.
Package babel Info: Redefining portuges shorthand "|
(babel)             in language  on input line 8.
Package babel Info: Redefining portuges shorthand "|
(babel)             in language  on input line 8.
[56



]
<Fig/eqlayer/field_data_montes_claros/data_fitting_LM_NNLS_montesclaros.png, id
=1390, 2023.56pt x 794.97pt>
File: Fig/eqlayer/field_data_montes_claros/data_fitting_LM_NNLS_montesclaros.pn
g Graphic file (type png)
<use Fig/eqlayer/field_data_montes_claros/data_fitting_LM_NNLS_montesclaros.png
>
Package pdftex.def Info: Fig/eqlayer/field_data_montes_claros/data_fitting_LM_N
NLS_montesclaros.png  used on input line 12.
(pdftex.def)             Requested size: 469.47308pt x 184.42831pt.

Overfull \hbox (42.68173pt too wide) in paragraph at lines 12--13
 [][] 
 []

<Fig/eqlayer/field_data_montes_claros/magnetic_moment_positive_LM_NNLS_montescl
aros.png, id=1391, 722.7pt x 722.7pt>
File: Fig/eqlayer/field_data_montes_claros/magnetic_moment_positive_LM_NNLS_mon
tesclaros.png Graphic file (type png)
<use Fig/eqlayer/field_data_montes_claros/magnetic_moment_positive_LM_NNLS_mont
esclaros.png>
Package pdftex.def Info: Fig/eqlayer/field_data_montes_claros/magnetic_moment_p
ositive_LM_NNLS_montesclaros.png  used on input line 19.
(pdftex.def)             Requested size: 384.1096pt x 384.10986pt.
<Fig/eqlayer/field_data_montes_claros/convergence_LM_NNLS_montesclaros.png, id=
1392, 722.7pt x 722.7pt>
File: Fig/eqlayer/field_data_montes_claros/convergence_LM_NNLS_montesclaros.png
 Graphic file (type png)
<use Fig/eqlayer/field_data_montes_claros/convergence_LM_NNLS_montesclaros.png>

Package pdftex.def Info: Fig/eqlayer/field_data_montes_claros/convergence_LM_NN
LS_montesclaros.png  used on input line 26.
(pdftex.def)             Requested size: 384.1096pt x 384.10986pt.
<Fig/eqlayer/field_data_montes_claros/RTP_data_montes_claros.png, id=1395, 650.
43pt x 650.43pt>
File: Fig/eqlayer/field_data_montes_claros/RTP_data_montes_claros.png Graphic f
ile (type png)
<use Fig/eqlayer/field_data_montes_claros/RTP_data_montes_claros.png>
Package pdftex.def Info: Fig/eqlayer/field_data_montes_claros/RTP_data_montes_c
laros.png  used on input line 33.
(pdftex.def)             Requested size: 384.1096pt x 384.11758pt.
)
Package babel Info: Redefining portuges shorthand "|
(babel)             in language  on input line 90.
Package babel Info: Redefining portuges shorthand "|
(babel)             in language  on input line 90.
 [57pdfTeX warning (ext4): destination with the same identifier (name{figure.7.
1}) has been already used, duplicate ignored

\AtBegShi@Output ...ipout \box \AtBeginShipoutBox 
                                                  \fi \fi 
l.90 \include{dados_reais_I}
                             <./Fig/eqlayer/field_data_montes_claros/data_fitti
ng_LM_NNLS_montesclaros.png>]
Package babel Info: Redefining portuges shorthand "|
(babel)             in language  on input line 90.
Package babel Info: Redefining portuges shorthand "|
(babel)             in language  on input line 90.
 [58pdfTeX warning (ext4): destination with the same identifier (name{figure.7.
2}) has been already used, duplicate ignored

\AtBegShi@Output ...ipout \box \AtBeginShipoutBox 
                                                  \fi \fi 
l.90 \include{dados_reais_I}
                             <./Fig/eqlayer/field_data_montes_claros/magnetic_m
oment_positive_LM_NNLS_montesclaros.png>]
Package babel Info: Redefining portuges shorthand "|
(babel)             in language  on input line 90.
Package babel Info: Redefining portuges shorthand "|
(babel)             in language  on input line 90.
 [59pdfTeX warning (ext4): destination with the same identifier (name{figure.7.
3}) has been already used, duplicate ignored

\AtBegShi@Output ...ipout \box \AtBeginShipoutBox 
                                                  \fi \fi 
l.90 \include{dados_reais_I}
                             <./Fig/eqlayer/field_data_montes_claros/convergenc
e_LM_NNLS_montesclaros.png>]
Package babel Info: Redefining portuges shorthand "|
(babel)             in language  on input line 90.
Package babel Info: Redefining portuges shorthand "|
(babel)             in language  on input line 90.
 [60pdfTeX warning (ext4): destination with the same identifier (name{figure.7.
4}) has been already used, duplicate ignored

\AtBegShi@Output ...ipout \box \AtBeginShipoutBox 
                                                  \fi \fi 
l.90 \include{dados_reais_I}
                             <./Fig/eqlayer/field_data_montes_claros/RTP_data_m
ontes_claros.png>]
\openout2 = `conclusoes.aux'.

 (./conclusoes.tex
Cap\'{\i }tulo 8.
Package babel Info: Redefining portuges shorthand "|
(babel)             in language  on input line 1.
Package babel Info: Redefining portuges shorthand "|
(babel)             in language  on input line 25.
Package babel Info: Redefining portuges shorthand "|
(babel)             in language  on input line 25.
[61



])
Package babel Info: Redefining portuges shorthand "|
(babel)             in language  on input line 92.
Package babel Info: Redefining portuges shorthand "|
(babel)             in language  on input line 92.
 [62] (./tese_andrelreis_2019.bbl
Package babel Info: Redefining portuges shorthand "|
(babel)             in language  on input line 1.
LaTeX Font Info:    Try loading font information for OML+cmr on input line 20.

(/usr/share/texlive/texmf-dist/tex/latex/base/omlcmr.fd
File: omlcmr.fd 2014/09/29 v2.5h Standard LaTeX font definitions
)
LaTeX Font Info:    Font shape `OML/cmr/m/n' in size <12> not available
(Font)              Font shape `OML/cmm/m/it' tried instead on input line 20.
Package babel Info: Redefining portuges shorthand "|
(babel)             in language  on input line 79.
Package babel Info: Redefining portuges shorthand "|
(babel)             in language  on input line 79.
 [63



]
Package babel Info: Redefining portuges shorthand "|
(babel)             in language  on input line 157.
Package babel Info: Redefining portuges shorthand "|
(babel)             in language  on input line 157.
 [64]
Underfull \hbox (badness 1983) in paragraph at lines 214--225
\OT1/cmr/m/it/12 Ame-ri-can Earth Sci-en-ces\OT1/cmr/m/n/12 , v. 18, n. 3, pp. 
337 -- 353.  ISSN:
 []

Package babel Info: Redefining portuges shorthand "|
(babel)             in language  on input line 225.
Package babel Info: Redefining portuges shorthand "|
(babel)             in language  on input line 225.
[65]
Package babel Info: Redefining portuges shorthand "|
(babel)             in language  on input line 305.
Package babel Info: Redefining portuges shorthand "|
(babel)             in language  on input line 305.
 [66]
Package babel Info: Redefining portuges shorthand "|
(babel)             in language  on input line 382.
Package babel Info: Redefining portuges shorthand "|
(babel)             in language  on input line 382.
 [67]
Package babel Info: Redefining portuges shorthand "|
(babel)             in language  on input line 462.
Package babel Info: Redefining portuges shorthand "|
(babel)             in language  on input line 462.
 [68]) 
AED: lastpage setting LastPage
Package babel Info: Redefining portuges shorthand "|
(babel)             in language  on input line 101.
Package babel Info: Redefining portuges shorthand "|
(babel)             in language  on input line 101.
[69]
Package babel Info: Redefining portuges shorthand "|
(babel)             in language  on input line 101.
Package atveryend Info: Empty hook `BeforeClearDocument' on input line 101.
Package atveryend Info: Empty hook `AfterLastShipout' on input line 101.
 (./tese_andrelreis_2019.aux (./resumo.aux) (./abstract.aux)
(./agradecimentos.aux) (./introducao.aux) (./fundamentacao.aux)
(./metodologia.aux) (./simulacoes_II.aux) (./dados_reais_II.aux)
(./simulacoes_I.aux) (./dados_reais_I.aux) (./conclusoes.aux))
Package atveryend Info: Executing hook `AtVeryEndDocument' on input line 101.
Package atveryend Info: Executing hook `AtEndAfterFileList' on input line 101.
Package rerunfilecheck Info: File `tese_andrelreis_2019.out' has not changed.
(rerunfilecheck)             Checksum: DD4C88E10CB1E591563E49ED2C17062F;2886.
Package atveryend Info: Empty hook `AtVeryVeryEnd' on input line 101.
 ) 
Here is how much of TeX's memory you used:
 11180 strings out of 492982
 168694 string characters out of 6134895
 327910 words of memory out of 5000000
 14154 multiletter control sequences out of 15000+600000
 15702 words of font info for 58 fonts, out of 8000000 for 9000
 1141 hyphenation exceptions out of 8191
 37i,18n,43p,3101b,597s stack positions out of 5000i,500n,10000p,200000b,80000s
</usr/share/texlive/texmf-dist/fonts/type1/public/amsfonts/cm/cmbsy10.pfb></u
sr/share/texlive/texmf-dist/fonts/type1/public/amsfonts/cm/cmbx12.pfb></usr/sha
re/texlive/texmf-dist/fonts/type1/public/amsfonts/cm/cmbx8.pfb></usr/share/texl
ive/texmf-dist/fonts/type1/public/amsfonts/cm/cmex10.pfb></usr/share/texlive/te
xmf-dist/fonts/type1/public/amsfonts/cm/cmmi12.pfb></usr/share/texlive/texmf-di
st/fonts/type1/public/amsfonts/cm/cmmi6.pfb></usr/share/texlive/texmf-dist/font
s/type1/public/amsfonts/cm/cmmi8.pfb></usr/share/texlive/texmf-dist/fonts/type1
/public/amsfonts/cm/cmr12.pfb></usr/share/texlive/texmf-dist/fonts/type1/public
/amsfonts/cm/cmr6.pfb></usr/share/texlive/texmf-dist/fonts/type1/public/amsfont
s/cm/cmr8.pfb></usr/share/texlive/texmf-dist/fonts/type1/public/amsfonts/cm/cms
l12.pfb></usr/share/texlive/texmf-dist/fonts/type1/public/amsfonts/cm/cmsy10.pf
b></usr/share/texlive/texmf-dist/fonts/type1/public/amsfonts/cm/cmsy6.pfb></usr
/share/texlive/texmf-dist/fonts/type1/public/amsfonts/cm/cmsy8.pfb></usr/share/
texlive/texmf-dist/fonts/type1/public/amsfonts/cm/cmti12.pfb></usr/share/texliv
e/texmf-dist/fonts/type1/public/amsfonts/cm/cmtt12.pfb></usr/share/texlive/texm
f-dist/fonts/type1/public/amsfonts/symbols/msam10.pfb>
Output written on tese_andrelreis_2019.pdf (83 pages, 35531775 bytes).
PDF statistics:
 1614 PDF objects out of 1728 (max. 8388607)
 1407 compressed objects within 15 object streams
 279 named destinations out of 1000 (max. 500000)
 447 words of extra memory for PDF output out of 10000 (max. 10000000)

